{"obj": {"type": "AssignString", "path": ["sys", "name"], "value": "Untitled"}, "version": 1}
{"obj": {"type": "AssignString", "path": ["sys", "description"], "value": ""}, "version": 2}
{"obj": {"type": "AssignString", "path": ["sys", "hostname"], "value": "gpu6"}, "version": 3}
{"obj": {"type": "AssignBool", "path": ["sys", "failed"], "value": false}, "version": 4}
{"obj": {"type": "ClearStringLog", "path": ["monitoring", "stdout"]}, "version": 5}
{"obj": {"type": "ClearStringLog", "path": ["monitoring", "stderr"]}, "version": 6}
{"obj": {"type": "ConfigFloatSeries", "path": ["monitoring", "cpu"], "min": 0.0, "max": 100.0, "unit": "%"}, "version": 7}
{"obj": {"type": "ClearFloatLog", "path": ["monitoring", "cpu"]}, "version": 8}
{"obj": {"type": "ConfigFloatSeries", "path": ["monitoring", "memory"], "min": 0.0, "max": 251.54173278808594, "unit": "GB"}, "version": 9}
{"obj": {"type": "ClearFloatLog", "path": ["monitoring", "memory"]}, "version": 10}
{"obj": {"type": "ConfigFloatSeries", "path": ["monitoring", "gpu"], "min": 0.0, "max": 100.0, "unit": "%"}, "version": 11}
{"obj": {"type": "ClearFloatLog", "path": ["monitoring", "gpu"]}, "version": 12}
{"obj": {"type": "ConfigFloatSeries", "path": ["monitoring", "gpu_memory"], "min": 0.0, "max": 11.0, "unit": "GB"}, "version": 13}
{"obj": {"type": "ClearFloatLog", "path": ["monitoring", "gpu_memory"]}, "version": 14}
{"obj": {"type": "LogStrings", "path": ["monitoring", "stdout"], "values": [{"value": "", "step": null, "ts": 1657653336.566907}]}, "version": 15}
{"obj": {"type": "LogStrings", "path": ["monitoring", "stdout"], "values": [{"value": "Remember to stop your run once you\u2019ve finished logging your metadata (https://docs.neptune.ai/api-reference/run#.stop). It will be stopped automatically only when the notebook kernel/interactive console is terminated.\n", "step": null, "ts": 1657653336.5712752}]}, "version": 16}
{"obj": {"type": "LogFloats", "path": ["monitoring", "cpu"], "values": [{"value": 29.2, "step": null, "ts": 1657653336.5617836}]}, "version": 17}
{"obj": {"type": "AssignInt", "path": ["parameters", "Num. Readings"], "value": 2348}, "version": 18}
{"obj": {"type": "AssignInt", "path": ["parameters", "Num. Types"], "value": 5}, "version": 19}
{"obj": {"type": "AssignString", "path": ["parameters", "Type of ML"], "value": "CNN Classification"}, "version": 20}
{"obj": {"type": "AssignInt", "path": ["parameters", "n_epochs"], "value": 1}, "version": 21}
{"obj": {"type": "AssignString", "path": ["parameters", "Optimizer"], "value": "Adam"}, "version": 22}
{"obj": {"type": "AssignInt", "path": ["parameters", "Batch Size"], "value": 16}, "version": 23}
{"obj": {"type": "AssignString", "path": ["parameters", "Kernal Size"], "value": "(5, 3, 3, 3)"}, "version": 24}
{"obj": {"type": "AssignString", "path": ["parameters", "Var"], "value": "mel_non-aug"}, "version": 25}
{"obj": {"type": "LogFloats", "path": ["monitoring", "memory"], "values": [{"value": 21.266849517822266, "step": null, "ts": 1657653336.5617836}]}, "version": 26}
{"obj": {"type": "LogFloats", "path": ["monitoring", "gpu_memory"], "values": [{"value": 1.25152587890625, "step": null, "ts": 1657653336.5617836}]}, "version": 27}
{"obj": {"type": "LogStrings", "path": ["monitoring", "stderr"], "values": [{"value": "/home2/qlpd78/anaconda3/lib/python3.9/site-packages/torchaudio/functional/functional.py:507: UserWarning: At least one mel filterbank has all zero values. The value for `n_mels` (128) may be set too high. Or, the value for `n_freqs` (513) may be set too low.\n  warnings.warn(\n", "step": null, "ts": 1657653336.6562595}]}, "version": 28}
{"obj": {"type": "LogFloats", "path": ["monitoring", "cpu"], "values": [{"value": 39.1, "step": null, "ts": 1657653346.587082}]}, "version": 29}
{"obj": {"type": "LogFloats", "path": ["monitoring", "memory"], "values": [{"value": 21.496932983398438, "step": null, "ts": 1657653346.587082}]}, "version": 30}
{"obj": {"type": "LogFloats", "path": ["monitoring", "gpu"], "values": [{"value": 1.0, "step": null, "ts": 1657653346.587082}]}, "version": 31}
{"obj": {"type": "LogFloats", "path": ["monitoring", "gpu_memory"], "values": [{"value": 1.32769775390625, "step": null, "ts": 1657653346.587082}]}, "version": 32}
{"obj": {"type": "LogFloats", "path": ["monitoring", "cpu"], "values": [{"value": 39.0, "step": null, "ts": 1657653356.595039}]}, "version": 33}
{"obj": {"type": "LogFloats", "path": ["monitoring", "memory"], "values": [{"value": 21.64344024658203, "step": null, "ts": 1657653356.595039}]}, "version": 34}
{"obj": {"type": "LogFloats", "path": ["monitoring", "gpu"], "values": [{"value": 1.0, "step": null, "ts": 1657653356.595039}]}, "version": 35}
{"obj": {"type": "LogFloats", "path": ["monitoring", "gpu_memory"], "values": [{"value": 1.32769775390625, "step": null, "ts": 1657653356.595039}]}, "version": 36}
{"obj": {"type": "LogFloats", "path": ["monitoring", "cpu"], "values": [{"value": 39.4, "step": null, "ts": 1657653366.60341}]}, "version": 37}
{"obj": {"type": "LogFloats", "path": ["monitoring", "memory"], "values": [{"value": 21.793201446533203, "step": null, "ts": 1657653366.60341}]}, "version": 38}
{"obj": {"type": "LogFloats", "path": ["monitoring", "gpu_memory"], "values": [{"value": 1.32769775390625, "step": null, "ts": 1657653366.60341}]}, "version": 39}
{"obj": {"type": "LogFloats", "path": ["monitoring", "cpu"], "values": [{"value": 39.2, "step": null, "ts": 1657653376.6099045}]}, "version": 40}
{"obj": {"type": "LogFloats", "path": ["monitoring", "memory"], "values": [{"value": 21.939407348632812, "step": null, "ts": 1657653376.6099045}]}, "version": 41}
{"obj": {"type": "LogFloats", "path": ["monitoring", "gpu_memory"], "values": [{"value": 1.32769775390625, "step": null, "ts": 1657653376.6099045}]}, "version": 42}
{"obj": {"type": "LogFloats", "path": ["monitoring", "cpu"], "values": [{"value": 39.3, "step": null, "ts": 1657653386.6161563}]}, "version": 43}
{"obj": {"type": "LogFloats", "path": ["monitoring", "memory"], "values": [{"value": 22.100189208984375, "step": null, "ts": 1657653386.6161563}]}, "version": 44}
{"obj": {"type": "LogFloats", "path": ["monitoring", "gpu"], "values": [{"value": 1.0, "step": null, "ts": 1657653386.6161563}]}, "version": 45}
{"obj": {"type": "LogFloats", "path": ["monitoring", "gpu_memory"], "values": [{"value": 1.32769775390625, "step": null, "ts": 1657653386.6161563}]}, "version": 46}
{"obj": {"type": "LogFloats", "path": ["monitoring", "cpu"], "values": [{"value": 39.6, "step": null, "ts": 1657653396.623164}]}, "version": 47}
{"obj": {"type": "LogFloats", "path": ["monitoring", "memory"], "values": [{"value": 22.25885772705078, "step": null, "ts": 1657653396.623164}]}, "version": 48}
{"obj": {"type": "LogFloats", "path": ["monitoring", "gpu"], "values": [{"value": 1.0, "step": null, "ts": 1657653396.623164}]}, "version": 49}
{"obj": {"type": "LogFloats", "path": ["monitoring", "gpu_memory"], "values": [{"value": 1.32769775390625, "step": null, "ts": 1657653396.623164}]}, "version": 50}
{"obj": {"type": "LogFloats", "path": ["monitoring", "cpu"], "values": [{"value": 39.0, "step": null, "ts": 1657653406.7287195}]}, "version": 51}
{"obj": {"type": "LogFloats", "path": ["monitoring", "memory"], "values": [{"value": 22.40987777709961, "step": null, "ts": 1657653406.7287195}]}, "version": 52}
{"obj": {"type": "LogFloats", "path": ["monitoring", "gpu_memory"], "values": [{"value": 1.32769775390625, "step": null, "ts": 1657653406.7287195}]}, "version": 53}
{"obj": {"type": "LogFloats", "path": ["monitoring", "cpu"], "values": [{"value": 39.4, "step": null, "ts": 1657653416.734193}]}, "version": 54}
{"obj": {"type": "LogFloats", "path": ["monitoring", "memory"], "values": [{"value": 22.572845458984375, "step": null, "ts": 1657653416.734193}]}, "version": 55}
{"obj": {"type": "LogFloats", "path": ["monitoring", "gpu_memory"], "values": [{"value": 1.32769775390625, "step": null, "ts": 1657653416.734193}]}, "version": 56}
{"obj": {"type": "LogStrings", "path": ["monitoring", "stdout"], "values": [{"value": "Accuracy: 0.38, Total items: 470", "step": null, "ts": 1657653417.633303}]}, "version": 57}
{"obj": {"type": "LogStrings", "path": ["monitoring", "stdout"], "values": [{"value": "\n", "step": null, "ts": 1657653417.6354814}]}, "version": 58}
{"obj": {"type": "LogStrings", "path": ["monitoring", "stdout"], "values": [{"value": "Epoch: 0, Loss: 2.09, Accuracy: 0.34, Validation Accuracy: 0.38", "step": null, "ts": 1657653417.6369014}]}, "version": 59}
{"obj": {"type": "LogStrings", "path": ["monitoring", "stdout"], "values": [{"value": "\n", "step": null, "ts": 1657653417.6380749}]}, "version": 60}
{"obj": {"type": "LogFloats", "path": ["train", "epoch", "loss"], "values": [{"value": 2.0872357144194136, "step": null, "ts": 1657653417.6392384}]}, "version": 61}
{"obj": {"type": "LogFloats", "path": ["train", "epoch", "accuracy"], "values": [{"value": 0.34451544195953143, "step": null, "ts": 1657653417.6403415}]}, "version": 62}
{"obj": {"type": "LogFloats", "path": ["train", "epoch", "inference"], "values": [{"value": 0.37872340425531914, "step": null, "ts": 1657653417.6413836}]}, "version": 63}
{"obj": {"type": "LogStrings", "path": ["monitoring", "stdout"], "values": [{"value": "Finished Training", "step": null, "ts": 1657653417.6425552}]}, "version": 64}
{"obj": {"type": "LogStrings", "path": ["monitoring", "stdout"], "values": [{"value": "\n", "step": null, "ts": 1657653417.6436477}]}, "version": 65}
{"obj": {"type": "LogStrings", "path": ["monitoring", "stdout"], "values": [{"value": "Shutting down background jobs, please wait a moment...\n", "step": null, "ts": 1657653417.6451902}]}, "version": 66}
