{"obj": {"type": "AssignString", "path": ["sys", "name"], "value": "Untitled"}, "version": 1}
{"obj": {"type": "AssignString", "path": ["sys", "description"], "value": ""}, "version": 2}
{"obj": {"type": "AssignString", "path": ["sys", "hostname"], "value": "ncc1"}, "version": 3}
{"obj": {"type": "AssignBool", "path": ["sys", "failed"], "value": false}, "version": 4}
{"obj": {"type": "ClearStringLog", "path": ["monitoring", "stdout"]}, "version": 5}
{"obj": {"type": "ClearStringLog", "path": ["monitoring", "stderr"]}, "version": 6}
{"obj": {"type": "ConfigFloatSeries", "path": ["monitoring", "cpu"], "min": 0.0, "max": 100.0, "unit": "%"}, "version": 7}
{"obj": {"type": "ClearFloatLog", "path": ["monitoring", "cpu"]}, "version": 8}
{"obj": {"type": "ConfigFloatSeries", "path": ["monitoring", "memory"], "min": 0.0, "max": 15.319332122802734, "unit": "GB"}, "version": 9}
{"obj": {"type": "ClearFloatLog", "path": ["monitoring", "memory"]}, "version": 10}
{"obj": {"type": "LogFloats", "path": ["monitoring", "cpu"], "values": [{"value": 24.9, "step": null, "ts": 1659993167.3354266}]}, "version": 11}
{"obj": {"type": "LogStrings", "path": ["monitoring", "stdout"], "values": [{"value": "", "step": null, "ts": 1659993167.3854012}]}, "version": 12}
{"obj": {"type": "LogFloats", "path": ["monitoring", "memory"], "values": [{"value": 14.866107940673828, "step": null, "ts": 1659993167.3354266}]}, "version": 13}
{"obj": {"type": "LogStrings", "path": ["monitoring", "stdout"], "values": [{"value": "Remember to stop your run once you\u2019ve finished logging your metadata (https://docs.neptune.ai/api-reference/run#.stop). It will be stopped automatically only when the notebook kernel/interactive console is terminated.\n", "step": null, "ts": 1659993167.3966317}]}, "version": 14}
{"obj": {"type": "AssignInt", "path": ["parameters", "Num. Readings"], "value": 2348}, "version": 15}
{"obj": {"type": "AssignInt", "path": ["parameters", "Num. Types"], "value": 5}, "version": 16}
{"obj": {"type": "AssignString", "path": ["parameters", "Type of ML"], "value": "CNN Classification"}, "version": 17}
{"obj": {"type": "AssignInt", "path": ["parameters", "n_epochs"], "value": 1}, "version": 18}
{"obj": {"type": "AssignString", "path": ["parameters", "Optimizer"], "value": "Adam"}, "version": 19}
{"obj": {"type": "AssignInt", "path": ["parameters", "Batch Size"], "value": 16}, "version": 20}
{"obj": {"type": "AssignString", "path": ["parameters", "Kernal Size"], "value": "(5, 3, 3, 3)"}, "version": 21}
{"obj": {"type": "AssignString", "path": ["parameters", "Var"], "value": "inverse_mel_non-aug_confusion_matrix"}, "version": 22}
{"obj": {"type": "AssignString", "path": ["parameters", "Owner"], "value": "Freya"}, "version": 23}
{"obj": {"type": "LogStrings", "path": ["monitoring", "stderr"], "values": [{"value": "/home2/qlpd78/anaconda3/lib/python3.9/site-packages/torchaudio/functional/functional.py:507: UserWarning: At least one mel filterbank has all zero values. The value for `n_mels` (128) may be set too high. Or, the value for `n_freqs` (513) may be set too low.\n  warnings.warn(\n", "step": null, "ts": 1659993167.6989026}]}, "version": 24}
{"obj": {"type": "LogFloats", "path": ["monitoring", "cpu"], "values": [{"value": 71.8, "step": null, "ts": 1659993177.3968897}]}, "version": 25}
{"obj": {"type": "LogFloats", "path": ["monitoring", "memory"], "values": [{"value": 14.938846588134766, "step": null, "ts": 1659993177.3968897}]}, "version": 26}
{"obj": {"type": "LogFloats", "path": ["monitoring", "cpu"], "values": [{"value": 75.4, "step": null, "ts": 1659993187.404817}]}, "version": 27}
{"obj": {"type": "LogFloats", "path": ["monitoring", "memory"], "values": [{"value": 14.996868133544922, "step": null, "ts": 1659993187.404817}]}, "version": 28}
{"obj": {"type": "LogFloats", "path": ["monitoring", "cpu"], "values": [{"value": 76.6, "step": null, "ts": 1659993197.4827423}]}, "version": 29}
{"obj": {"type": "LogFloats", "path": ["monitoring", "memory"], "values": [{"value": 14.429679870605469, "step": null, "ts": 1659993197.4827423}]}, "version": 30}
{"obj": {"type": "LogFloats", "path": ["monitoring", "cpu"], "values": [{"value": 71.0, "step": null, "ts": 1659993207.4947286}]}, "version": 31}
{"obj": {"type": "LogFloats", "path": ["monitoring", "memory"], "values": [{"value": 14.513126373291016, "step": null, "ts": 1659993207.4947286}]}, "version": 32}
{"obj": {"type": "LogFloats", "path": ["monitoring", "cpu"], "values": [{"value": 72.1, "step": null, "ts": 1659993217.5023816}]}, "version": 33}
{"obj": {"type": "LogFloats", "path": ["monitoring", "memory"], "values": [{"value": 14.612739562988281, "step": null, "ts": 1659993217.5023816}]}, "version": 34}
{"obj": {"type": "LogFloats", "path": ["monitoring", "cpu"], "values": [{"value": 72.1, "step": null, "ts": 1659993227.5106297}]}, "version": 35}
{"obj": {"type": "LogFloats", "path": ["monitoring", "memory"], "values": [{"value": 14.681285858154297, "step": null, "ts": 1659993227.5106297}]}, "version": 36}
{"obj": {"type": "LogFloats", "path": ["monitoring", "cpu"], "values": [{"value": 72.0, "step": null, "ts": 1659993237.5145237}]}, "version": 37}
{"obj": {"type": "LogFloats", "path": ["monitoring", "memory"], "values": [{"value": 14.714546203613281, "step": null, "ts": 1659993237.5145237}]}, "version": 38}
{"obj": {"type": "LogFloats", "path": ["monitoring", "cpu"], "values": [{"value": 73.0, "step": null, "ts": 1659993247.5196743}]}, "version": 39}
{"obj": {"type": "LogFloats", "path": ["monitoring", "memory"], "values": [{"value": 14.75473403930664, "step": null, "ts": 1659993247.5196743}]}, "version": 40}
{"obj": {"type": "LogFloats", "path": ["monitoring", "cpu"], "values": [{"value": 73.8, "step": null, "ts": 1659993257.525259}]}, "version": 41}
{"obj": {"type": "LogFloats", "path": ["monitoring", "memory"], "values": [{"value": 14.85122299194336, "step": null, "ts": 1659993257.525259}]}, "version": 42}
{"obj": {"type": "LogFloats", "path": ["monitoring", "cpu"], "values": [{"value": 72.2, "step": null, "ts": 1659993267.529314}]}, "version": 43}
{"obj": {"type": "LogFloats", "path": ["monitoring", "memory"], "values": [{"value": 14.937061309814453, "step": null, "ts": 1659993267.529314}]}, "version": 44}
{"obj": {"type": "LogFloats", "path": ["monitoring", "cpu"], "values": [{"value": 71.1, "step": null, "ts": 1659993277.5333767}]}, "version": 45}
{"obj": {"type": "LogFloats", "path": ["monitoring", "memory"], "values": [{"value": 15.011428833007812, "step": null, "ts": 1659993277.5333767}]}, "version": 46}
{"obj": {"type": "LogFloats", "path": ["monitoring", "cpu"], "values": [{"value": 73.8, "step": null, "ts": 1659993287.5377972}]}, "version": 47}
{"obj": {"type": "LogFloats", "path": ["monitoring", "memory"], "values": [{"value": 15.038509368896484, "step": null, "ts": 1659993287.5377972}]}, "version": 48}
{"obj": {"type": "LogFloats", "path": ["monitoring", "cpu"], "values": [{"value": 72.0, "step": null, "ts": 1659993297.542309}]}, "version": 49}
{"obj": {"type": "LogFloats", "path": ["monitoring", "memory"], "values": [{"value": 14.927032470703125, "step": null, "ts": 1659993297.542309}]}, "version": 50}
{"obj": {"type": "LogFloats", "path": ["monitoring", "cpu"], "values": [{"value": 70.2, "step": null, "ts": 1659993307.5469205}]}, "version": 51}
{"obj": {"type": "LogFloats", "path": ["monitoring", "memory"], "values": [{"value": 14.94097900390625, "step": null, "ts": 1659993307.5469205}]}, "version": 52}
{"obj": {"type": "LogFloats", "path": ["monitoring", "cpu"], "values": [{"value": 72.2, "step": null, "ts": 1659993317.5536668}]}, "version": 53}
{"obj": {"type": "LogFloats", "path": ["monitoring", "memory"], "values": [{"value": 14.975898742675781, "step": null, "ts": 1659993317.5536668}]}, "version": 54}
{"obj": {"type": "LogFloats", "path": ["monitoring", "cpu"], "values": [{"value": 77.3, "step": null, "ts": 1659993327.5582705}]}, "version": 55}
{"obj": {"type": "LogFloats", "path": ["monitoring", "memory"], "values": [{"value": 15.088706970214844, "step": null, "ts": 1659993327.5582705}]}, "version": 56}
{"obj": {"type": "LogFloats", "path": ["monitoring", "cpu"], "values": [{"value": 74.5, "step": null, "ts": 1659993337.5625083}]}, "version": 57}
{"obj": {"type": "LogFloats", "path": ["monitoring", "memory"], "values": [{"value": 14.665790557861328, "step": null, "ts": 1659993337.5625083}]}, "version": 58}
{"obj": {"type": "LogFloats", "path": ["monitoring", "cpu"], "values": [{"value": 74.2, "step": null, "ts": 1659993347.569786}]}, "version": 59}
{"obj": {"type": "LogFloats", "path": ["monitoring", "memory"], "values": [{"value": 14.534656524658203, "step": null, "ts": 1659993347.569786}]}, "version": 60}
{"obj": {"type": "LogFloats", "path": ["monitoring", "cpu"], "values": [{"value": 71.6, "step": null, "ts": 1659993357.5986075}]}, "version": 61}
{"obj": {"type": "LogFloats", "path": ["monitoring", "memory"], "values": [{"value": 14.635425567626953, "step": null, "ts": 1659993357.5986075}]}, "version": 62}
{"obj": {"type": "LogFloats", "path": ["monitoring", "cpu"], "values": [{"value": 72.4, "step": null, "ts": 1659993367.609188}]}, "version": 63}
{"obj": {"type": "LogFloats", "path": ["monitoring", "memory"], "values": [{"value": 14.696491241455078, "step": null, "ts": 1659993367.609188}]}, "version": 64}
{"obj": {"type": "LogFloats", "path": ["monitoring", "cpu"], "values": [{"value": 71.6, "step": null, "ts": 1659993377.618766}]}, "version": 65}
{"obj": {"type": "LogFloats", "path": ["monitoring", "memory"], "values": [{"value": 14.72342300415039, "step": null, "ts": 1659993377.618766}]}, "version": 66}
{"obj": {"type": "LogFloats", "path": ["monitoring", "cpu"], "values": [{"value": 70.6, "step": null, "ts": 1659993387.626249}]}, "version": 67}
{"obj": {"type": "LogFloats", "path": ["monitoring", "memory"], "values": [{"value": 14.691356658935547, "step": null, "ts": 1659993387.626249}]}, "version": 68}
{"obj": {"type": "LogFloats", "path": ["monitoring", "cpu"], "values": [{"value": 70.7, "step": null, "ts": 1659993397.6345365}]}, "version": 69}
{"obj": {"type": "LogFloats", "path": ["monitoring", "memory"], "values": [{"value": 14.723907470703125, "step": null, "ts": 1659993397.6345365}]}, "version": 70}
{"obj": {"type": "LogFloats", "path": ["monitoring", "cpu"], "values": [{"value": 72.2, "step": null, "ts": 1659993407.6448863}]}, "version": 71}
{"obj": {"type": "LogFloats", "path": ["monitoring", "memory"], "values": [{"value": 14.732139587402344, "step": null, "ts": 1659993407.6448863}]}, "version": 72}
{"obj": {"type": "LogFloats", "path": ["monitoring", "cpu"], "values": [{"value": 73.3, "step": null, "ts": 1659993417.654423}]}, "version": 73}
{"obj": {"type": "LogFloats", "path": ["monitoring", "memory"], "values": [{"value": 14.728919982910156, "step": null, "ts": 1659993417.654423}]}, "version": 74}
{"obj": {"type": "LogFloats", "path": ["monitoring", "cpu"], "values": [{"value": 72.1, "step": null, "ts": 1659993427.6591482}]}, "version": 75}
{"obj": {"type": "LogFloats", "path": ["monitoring", "memory"], "values": [{"value": 14.764057159423828, "step": null, "ts": 1659993427.6591482}]}, "version": 76}
{"obj": {"type": "LogFloats", "path": ["monitoring", "cpu"], "values": [{"value": 72.2, "step": null, "ts": 1659993437.663457}]}, "version": 77}
{"obj": {"type": "LogFloats", "path": ["monitoring", "memory"], "values": [{"value": 14.788658142089844, "step": null, "ts": 1659993437.663457}]}, "version": 78}
{"obj": {"type": "LogFloats", "path": ["monitoring", "cpu"], "values": [{"value": 72.5, "step": null, "ts": 1659993447.6675816}]}, "version": 79}
{"obj": {"type": "LogFloats", "path": ["monitoring", "memory"], "values": [{"value": 14.807357788085938, "step": null, "ts": 1659993447.6675816}]}, "version": 80}
{"obj": {"type": "LogFloats", "path": ["monitoring", "cpu"], "values": [{"value": 73.2, "step": null, "ts": 1659993457.6750674}]}, "version": 81}
{"obj": {"type": "LogFloats", "path": ["monitoring", "memory"], "values": [{"value": 14.826847076416016, "step": null, "ts": 1659993457.6750674}]}, "version": 82}
{"obj": {"type": "LogFloats", "path": ["monitoring", "cpu"], "values": [{"value": 71.1, "step": null, "ts": 1659993467.6797938}]}, "version": 83}
{"obj": {"type": "LogFloats", "path": ["monitoring", "memory"], "values": [{"value": 14.840755462646484, "step": null, "ts": 1659993467.6797938}]}, "version": 84}
{"obj": {"type": "LogFloats", "path": ["monitoring", "cpu"], "values": [{"value": 97.6, "step": null, "ts": 1659993477.7899487}]}, "version": 85}
{"obj": {"type": "LogFloats", "path": ["monitoring", "memory"], "values": [{"value": 14.912220001220703, "step": null, "ts": 1659993477.7899487}]}, "version": 86}
{"obj": {"type": "LogFloats", "path": ["monitoring", "cpu"], "values": [{"value": 96.8, "step": null, "ts": 1659993487.7951498}]}, "version": 87}
{"obj": {"type": "LogFloats", "path": ["monitoring", "memory"], "values": [{"value": 14.979862213134766, "step": null, "ts": 1659993487.7951498}]}, "version": 88}
{"obj": {"type": "LogFloats", "path": ["monitoring", "cpu"], "values": [{"value": 99.1, "step": null, "ts": 1659993497.7982109}]}, "version": 89}
{"obj": {"type": "LogFloats", "path": ["monitoring", "memory"], "values": [{"value": 14.425498962402344, "step": null, "ts": 1659993497.7982109}]}, "version": 90}
{"obj": {"type": "LogFloats", "path": ["monitoring", "cpu"], "values": [{"value": 99.1, "step": null, "ts": 1659993507.802052}]}, "version": 91}
{"obj": {"type": "LogFloats", "path": ["monitoring", "memory"], "values": [{"value": 14.505561828613281, "step": null, "ts": 1659993507.802052}]}, "version": 92}
{"obj": {"type": "LogFloats", "path": ["monitoring", "cpu"], "values": [{"value": 77.4, "step": null, "ts": 1659993517.8080685}]}, "version": 93}
{"obj": {"type": "LogFloats", "path": ["monitoring", "memory"], "values": [{"value": 14.640312194824219, "step": null, "ts": 1659993517.8080685}]}, "version": 94}
{"obj": {"type": "LogFloats", "path": ["monitoring", "cpu"], "values": [{"value": 73.0, "step": null, "ts": 1659993527.81533}]}, "version": 95}
{"obj": {"type": "LogFloats", "path": ["monitoring", "memory"], "values": [{"value": 14.632453918457031, "step": null, "ts": 1659993527.81533}]}, "version": 96}
{"obj": {"type": "LogFloats", "path": ["monitoring", "cpu"], "values": [{"value": 71.4, "step": null, "ts": 1659993537.8190882}]}, "version": 97}
{"obj": {"type": "LogFloats", "path": ["monitoring", "memory"], "values": [{"value": 14.646305084228516, "step": null, "ts": 1659993537.8190882}]}, "version": 98}
{"obj": {"type": "LogFloats", "path": ["monitoring", "cpu"], "values": [{"value": 70.9, "step": null, "ts": 1659993547.836167}]}, "version": 99}
{"obj": {"type": "LogFloats", "path": ["monitoring", "memory"], "values": [{"value": 14.67226791381836, "step": null, "ts": 1659993547.836167}]}, "version": 100}
{"obj": {"type": "LogFloats", "path": ["monitoring", "cpu"], "values": [{"value": 73.3, "step": null, "ts": 1659993557.8410404}]}, "version": 101}
{"obj": {"type": "LogFloats", "path": ["monitoring", "memory"], "values": [{"value": 14.749359130859375, "step": null, "ts": 1659993557.8410404}]}, "version": 102}
{"obj": {"type": "LogFloats", "path": ["monitoring", "cpu"], "values": [{"value": 71.8, "step": null, "ts": 1659993567.8506343}]}, "version": 103}
{"obj": {"type": "LogFloats", "path": ["monitoring", "memory"], "values": [{"value": 14.74868392944336, "step": null, "ts": 1659993567.8506343}]}, "version": 104}
{"obj": {"type": "LogFloats", "path": ["monitoring", "cpu"], "values": [{"value": 71.6, "step": null, "ts": 1659993577.8584995}]}, "version": 105}
{"obj": {"type": "LogFloats", "path": ["monitoring", "memory"], "values": [{"value": 14.781246185302734, "step": null, "ts": 1659993577.8584995}]}, "version": 106}
{"obj": {"type": "LogFloats", "path": ["monitoring", "cpu"], "values": [{"value": 71.5, "step": null, "ts": 1659993587.8666174}]}, "version": 107}
{"obj": {"type": "LogFloats", "path": ["monitoring", "memory"], "values": [{"value": 14.781482696533203, "step": null, "ts": 1659993587.8666174}]}, "version": 108}
{"obj": {"type": "LogFloats", "path": ["monitoring", "cpu"], "values": [{"value": 70.0, "step": null, "ts": 1659993597.8711271}]}, "version": 109}
{"obj": {"type": "LogFloats", "path": ["monitoring", "memory"], "values": [{"value": 14.785152435302734, "step": null, "ts": 1659993597.8711271}]}, "version": 110}
{"obj": {"type": "LogFloats", "path": ["monitoring", "cpu"], "values": [{"value": 72.0, "step": null, "ts": 1659993608.3756216}]}, "version": 111}
{"obj": {"type": "LogFloats", "path": ["monitoring", "memory"], "values": [{"value": 14.876747131347656, "step": null, "ts": 1659993608.3756216}]}, "version": 112}
{"obj": {"type": "LogFloats", "path": ["monitoring", "cpu"], "values": [{"value": 74.5, "step": null, "ts": 1659993618.5441482}]}, "version": 113}
{"obj": {"type": "LogFloats", "path": ["monitoring", "memory"], "values": [{"value": 15.020526885986328, "step": null, "ts": 1659993618.5441482}]}, "version": 114}
{"obj": {"type": "LogFloats", "path": ["monitoring", "cpu"], "values": [{"value": 76.3, "step": null, "ts": 1659993628.5549312}]}, "version": 115}
{"obj": {"type": "LogFloats", "path": ["monitoring", "memory"], "values": [{"value": 15.045413970947266, "step": null, "ts": 1659993628.5549312}]}, "version": 116}
{"obj": {"type": "LogFloats", "path": ["monitoring", "cpu"], "values": [{"value": 70.7, "step": null, "ts": 1659993638.564031}]}, "version": 117}
{"obj": {"type": "LogFloats", "path": ["monitoring", "memory"], "values": [{"value": 15.043231964111328, "step": null, "ts": 1659993638.564031}]}, "version": 118}
{"obj": {"type": "LogFloats", "path": ["monitoring", "cpu"], "values": [{"value": 70.5, "step": null, "ts": 1659993648.5735395}]}, "version": 119}
{"obj": {"type": "LogFloats", "path": ["monitoring", "memory"], "values": [{"value": 15.045719146728516, "step": null, "ts": 1659993648.5735395}]}, "version": 120}
{"obj": {"type": "LogFloats", "path": ["monitoring", "cpu"], "values": [{"value": 71.9, "step": null, "ts": 1659993658.6483}]}, "version": 121}
{"obj": {"type": "LogFloats", "path": ["monitoring", "memory"], "values": [{"value": 15.025951385498047, "step": null, "ts": 1659993658.6483}]}, "version": 122}
{"obj": {"type": "LogFloats", "path": ["monitoring", "cpu"], "values": [{"value": 71.3, "step": null, "ts": 1659993668.6586688}]}, "version": 123}
{"obj": {"type": "LogFloats", "path": ["monitoring", "memory"], "values": [{"value": 15.009712219238281, "step": null, "ts": 1659993668.6586688}]}, "version": 124}
{"obj": {"type": "LogFloats", "path": ["monitoring", "cpu"], "values": [{"value": 73.3, "step": null, "ts": 1659993678.6628923}]}, "version": 125}
{"obj": {"type": "LogFloats", "path": ["monitoring", "memory"], "values": [{"value": 15.016902923583984, "step": null, "ts": 1659993678.6628923}]}, "version": 126}
{"obj": {"type": "LogFloats", "path": ["monitoring", "cpu"], "values": [{"value": 71.2, "step": null, "ts": 1659993688.6674745}]}, "version": 127}
{"obj": {"type": "LogFloats", "path": ["monitoring", "memory"], "values": [{"value": 15.017658233642578, "step": null, "ts": 1659993688.6674745}]}, "version": 128}
{"obj": {"type": "LogFloats", "path": ["monitoring", "cpu"], "values": [{"value": 73.0, "step": null, "ts": 1659993698.671858}]}, "version": 129}
{"obj": {"type": "LogFloats", "path": ["monitoring", "memory"], "values": [{"value": 15.026817321777344, "step": null, "ts": 1659993698.671858}]}, "version": 130}
{"obj": {"type": "LogFloats", "path": ["monitoring", "cpu"], "values": [{"value": 71.9, "step": null, "ts": 1659993708.6764846}]}, "version": 131}
{"obj": {"type": "LogFloats", "path": ["monitoring", "memory"], "values": [{"value": 15.013023376464844, "step": null, "ts": 1659993708.6764846}]}, "version": 132}
{"obj": {"type": "LogFloats", "path": ["monitoring", "cpu"], "values": [{"value": 71.8, "step": null, "ts": 1659993718.680915}]}, "version": 133}
{"obj": {"type": "LogFloats", "path": ["monitoring", "memory"], "values": [{"value": 15.02621841430664, "step": null, "ts": 1659993718.680915}]}, "version": 134}
{"obj": {"type": "LogFloats", "path": ["monitoring", "cpu"], "values": [{"value": 71.2, "step": null, "ts": 1659993728.6934073}]}, "version": 135}
{"obj": {"type": "LogFloats", "path": ["monitoring", "memory"], "values": [{"value": 15.070919036865234, "step": null, "ts": 1659993728.6934073}]}, "version": 136}
{"obj": {"type": "LogFloats", "path": ["monitoring", "cpu"], "values": [{"value": 76.9, "step": null, "ts": 1659993738.6976714}]}, "version": 137}
{"obj": {"type": "LogFloats", "path": ["monitoring", "memory"], "values": [{"value": 14.661041259765625, "step": null, "ts": 1659993738.6976714}]}, "version": 138}
{"obj": {"type": "LogFloats", "path": ["monitoring", "cpu"], "values": [{"value": 75.6, "step": null, "ts": 1659993748.703193}]}, "version": 139}
{"obj": {"type": "LogFloats", "path": ["monitoring", "memory"], "values": [{"value": 14.84511947631836, "step": null, "ts": 1659993748.703193}]}, "version": 140}
{"obj": {"type": "LogFloats", "path": ["monitoring", "cpu"], "values": [{"value": 81.6, "step": null, "ts": 1659993758.7075992}]}, "version": 141}
{"obj": {"type": "LogFloats", "path": ["monitoring", "memory"], "values": [{"value": 15.12038803100586, "step": null, "ts": 1659993758.7075992}]}, "version": 142}
{"obj": {"type": "LogFloats", "path": ["monitoring", "cpu"], "values": [{"value": 71.1, "step": null, "ts": 1659993768.7234764}]}, "version": 143}
{"obj": {"type": "LogFloats", "path": ["monitoring", "memory"], "values": [{"value": 15.14529037475586, "step": null, "ts": 1659993768.7234764}]}, "version": 144}
{"obj": {"type": "LogFloats", "path": ["monitoring", "cpu"], "values": [{"value": 71.6, "step": null, "ts": 1659993778.727304}]}, "version": 145}
{"obj": {"type": "LogFloats", "path": ["monitoring", "memory"], "values": [{"value": 15.158180236816406, "step": null, "ts": 1659993778.727304}]}, "version": 146}
{"obj": {"type": "LogFloats", "path": ["monitoring", "cpu"], "values": [{"value": 72.7, "step": null, "ts": 1659993788.7374375}]}, "version": 147}
{"obj": {"type": "LogFloats", "path": ["monitoring", "memory"], "values": [{"value": 15.191730499267578, "step": null, "ts": 1659993788.7374375}]}, "version": 148}
{"obj": {"type": "LogFloats", "path": ["monitoring", "cpu"], "values": [{"value": 72.0, "step": null, "ts": 1659993798.7472038}]}, "version": 149}
{"obj": {"type": "LogFloats", "path": ["monitoring", "memory"], "values": [{"value": 15.140628814697266, "step": null, "ts": 1659993798.7472038}]}, "version": 150}
{"obj": {"type": "LogFloats", "path": ["monitoring", "cpu"], "values": [{"value": 73.9, "step": null, "ts": 1659993808.7511172}]}, "version": 151}
{"obj": {"type": "LogFloats", "path": ["monitoring", "memory"], "values": [{"value": 15.038738250732422, "step": null, "ts": 1659993808.7511172}]}, "version": 152}
{"obj": {"type": "LogFloats", "path": ["monitoring", "cpu"], "values": [{"value": 71.1, "step": null, "ts": 1659993818.7552602}]}, "version": 153}
{"obj": {"type": "LogFloats", "path": ["monitoring", "memory"], "values": [{"value": 15.031742095947266, "step": null, "ts": 1659993818.7552602}]}, "version": 154}
{"obj": {"type": "LogFloats", "path": ["monitoring", "cpu"], "values": [{"value": 72.4, "step": null, "ts": 1659993828.7606835}]}, "version": 155}
{"obj": {"type": "LogFloats", "path": ["monitoring", "memory"], "values": [{"value": 15.055343627929688, "step": null, "ts": 1659993828.7606835}]}, "version": 156}
{"obj": {"type": "LogFloats", "path": ["monitoring", "cpu"], "values": [{"value": 71.8, "step": null, "ts": 1659993838.765291}]}, "version": 157}
{"obj": {"type": "LogFloats", "path": ["monitoring", "memory"], "values": [{"value": 15.065261840820312, "step": null, "ts": 1659993838.765291}]}, "version": 158}
{"obj": {"type": "LogFloats", "path": ["monitoring", "cpu"], "values": [{"value": 70.3, "step": null, "ts": 1659993848.7719932}]}, "version": 159}
{"obj": {"type": "LogFloats", "path": ["monitoring", "memory"], "values": [{"value": 15.064395904541016, "step": null, "ts": 1659993848.7719932}]}, "version": 160}
{"obj": {"type": "LogFloats", "path": ["monitoring", "cpu"], "values": [{"value": 70.8, "step": null, "ts": 1659993858.7758725}]}, "version": 161}
{"obj": {"type": "LogFloats", "path": ["monitoring", "memory"], "values": [{"value": 15.076683044433594, "step": null, "ts": 1659993858.7758725}]}, "version": 162}
{"obj": {"type": "LogFloats", "path": ["monitoring", "cpu"], "values": [{"value": 73.8, "step": null, "ts": 1659993868.7804992}]}, "version": 163}
{"obj": {"type": "LogFloats", "path": ["monitoring", "memory"], "values": [{"value": 15.092033386230469, "step": null, "ts": 1659993868.7804992}]}, "version": 164}
{"obj": {"type": "LogFloats", "path": ["monitoring", "cpu"], "values": [{"value": 86.5, "step": null, "ts": 1659993878.787386}]}, "version": 165}
{"obj": {"type": "LogFloats", "path": ["monitoring", "memory"], "values": [{"value": 14.468528747558594, "step": null, "ts": 1659993878.787386}]}, "version": 166}
{"obj": {"type": "LogFloats", "path": ["monitoring", "cpu"], "values": [{"value": 73.5, "step": null, "ts": 1659993888.793098}]}, "version": 167}
{"obj": {"type": "LogFloats", "path": ["monitoring", "memory"], "values": [{"value": 14.531906127929688, "step": null, "ts": 1659993888.793098}]}, "version": 168}
{"obj": {"type": "LogFloats", "path": ["monitoring", "cpu"], "values": [{"value": 94.7, "step": null, "ts": 1659993898.7968876}]}, "version": 169}
{"obj": {"type": "LogFloats", "path": ["monitoring", "memory"], "values": [{"value": 14.78302001953125, "step": null, "ts": 1659993898.7968876}]}, "version": 170}
{"obj": {"type": "LogFloats", "path": ["monitoring", "cpu"], "values": [{"value": 99.5, "step": null, "ts": 1659993908.801364}]}, "version": 171}
{"obj": {"type": "LogFloats", "path": ["monitoring", "memory"], "values": [{"value": 14.84604263305664, "step": null, "ts": 1659993908.801364}]}, "version": 172}
{"obj": {"type": "LogFloats", "path": ["monitoring", "cpu"], "values": [{"value": 99.7, "step": null, "ts": 1659993918.8048487}]}, "version": 173}
{"obj": {"type": "LogFloats", "path": ["monitoring", "memory"], "values": [{"value": 14.88675308227539, "step": null, "ts": 1659993918.8048487}]}, "version": 174}
{"obj": {"type": "LogFloats", "path": ["monitoring", "cpu"], "values": [{"value": 86.3, "step": null, "ts": 1659993928.8083594}]}, "version": 175}
{"obj": {"type": "LogFloats", "path": ["monitoring", "memory"], "values": [{"value": 14.941192626953125, "step": null, "ts": 1659993928.8083594}]}, "version": 176}
{"obj": {"type": "LogFloats", "path": ["monitoring", "cpu"], "values": [{"value": 99.7, "step": null, "ts": 1659993938.8203995}]}, "version": 177}
{"obj": {"type": "LogFloats", "path": ["monitoring", "memory"], "values": [{"value": 14.692047119140625, "step": null, "ts": 1659993938.8203995}]}, "version": 178}
{"obj": {"type": "LogFloats", "path": ["monitoring", "cpu"], "values": [{"value": 99.6, "step": null, "ts": 1659993948.8330743}]}, "version": 179}
{"obj": {"type": "LogFloats", "path": ["monitoring", "memory"], "values": [{"value": 14.859100341796875, "step": null, "ts": 1659993948.8330743}]}, "version": 180}
{"obj": {"type": "LogFloats", "path": ["monitoring", "cpu"], "values": [{"value": 99.6, "step": null, "ts": 1659993958.8399808}]}, "version": 181}
{"obj": {"type": "LogFloats", "path": ["monitoring", "memory"], "values": [{"value": 14.944957733154297, "step": null, "ts": 1659993958.8399808}]}, "version": 182}
{"obj": {"type": "LogFloats", "path": ["monitoring", "cpu"], "values": [{"value": 98.2, "step": null, "ts": 1659993968.8497043}]}, "version": 183}
{"obj": {"type": "LogFloats", "path": ["monitoring", "memory"], "values": [{"value": 14.484291076660156, "step": null, "ts": 1659993968.8497043}]}, "version": 184}
{"obj": {"type": "LogFloats", "path": ["monitoring", "cpu"], "values": [{"value": 99.7, "step": null, "ts": 1659993978.9757705}]}, "version": 185}
{"obj": {"type": "LogFloats", "path": ["monitoring", "memory"], "values": [{"value": 14.69034194946289, "step": null, "ts": 1659993978.9757705}]}, "version": 186}
{"obj": {"type": "LogFloats", "path": ["monitoring", "cpu"], "values": [{"value": 99.5, "step": null, "ts": 1659993988.985908}]}, "version": 187}
{"obj": {"type": "LogFloats", "path": ["monitoring", "memory"], "values": [{"value": 14.788082122802734, "step": null, "ts": 1659993988.985908}]}, "version": 188}
{"obj": {"type": "LogFloats", "path": ["monitoring", "cpu"], "values": [{"value": 99.6, "step": null, "ts": 1659993998.9890637}]}, "version": 189}
{"obj": {"type": "LogFloats", "path": ["monitoring", "memory"], "values": [{"value": 14.921577453613281, "step": null, "ts": 1659993998.9890637}]}, "version": 190}
{"obj": {"type": "LogFloats", "path": ["monitoring", "cpu"], "values": [{"value": 99.2, "step": null, "ts": 1659994008.9930654}]}, "version": 191}
{"obj": {"type": "LogFloats", "path": ["monitoring", "memory"], "values": [{"value": 14.574272155761719, "step": null, "ts": 1659994008.9930654}]}, "version": 192}
{"obj": {"type": "LogFloats", "path": ["monitoring", "cpu"], "values": [{"value": 97.0, "step": null, "ts": 1659994018.9966438}]}, "version": 193}
{"obj": {"type": "LogFloats", "path": ["monitoring", "memory"], "values": [{"value": 14.766223907470703, "step": null, "ts": 1659994018.9966438}]}, "version": 194}
{"obj": {"type": "LogFloats", "path": ["monitoring", "cpu"], "values": [{"value": 99.9, "step": null, "ts": 1659994029.021891}]}, "version": 195}
{"obj": {"type": "LogFloats", "path": ["monitoring", "memory"], "values": [{"value": 14.864330291748047, "step": null, "ts": 1659994029.021891}]}, "version": 196}
{"obj": {"type": "LogFloats", "path": ["monitoring", "cpu"], "values": [{"value": 99.7, "step": null, "ts": 1659994039.0274684}]}, "version": 197}
{"obj": {"type": "LogFloats", "path": ["monitoring", "memory"], "values": [{"value": 14.255565643310547, "step": null, "ts": 1659994039.0274684}]}, "version": 198}
{"obj": {"type": "LogFloats", "path": ["monitoring", "cpu"], "values": [{"value": 99.6, "step": null, "ts": 1659994049.0309114}]}, "version": 199}
{"obj": {"type": "LogFloats", "path": ["monitoring", "memory"], "values": [{"value": 14.570354461669922, "step": null, "ts": 1659994049.0309114}]}, "version": 200}
{"obj": {"type": "LogFloats", "path": ["monitoring", "cpu"], "values": [{"value": 98.7, "step": null, "ts": 1659994059.0351882}]}, "version": 201}
{"obj": {"type": "LogFloats", "path": ["monitoring", "memory"], "values": [{"value": 14.58746337890625, "step": null, "ts": 1659994059.0351882}]}, "version": 202}
{"obj": {"type": "LogFloats", "path": ["monitoring", "cpu"], "values": [{"value": 99.6, "step": null, "ts": 1659994069.0388894}]}, "version": 203}
{"obj": {"type": "LogFloats", "path": ["monitoring", "memory"], "values": [{"value": 14.686805725097656, "step": null, "ts": 1659994069.0388894}]}, "version": 204}
{"obj": {"type": "LogFloats", "path": ["monitoring", "cpu"], "values": [{"value": 99.0, "step": null, "ts": 1659994079.0429156}]}, "version": 205}
{"obj": {"type": "LogFloats", "path": ["monitoring", "memory"], "values": [{"value": 14.779777526855469, "step": null, "ts": 1659994079.0429156}]}, "version": 206}
{"obj": {"type": "LogFloats", "path": ["monitoring", "cpu"], "values": [{"value": 99.7, "step": null, "ts": 1659994089.0464349}]}, "version": 207}
{"obj": {"type": "LogFloats", "path": ["monitoring", "memory"], "values": [{"value": 14.303142547607422, "step": null, "ts": 1659994089.0464349}]}, "version": 208}
{"obj": {"type": "LogFloats", "path": ["monitoring", "cpu"], "values": [{"value": 99.7, "step": null, "ts": 1659994099.050054}]}, "version": 209}
{"obj": {"type": "LogFloats", "path": ["monitoring", "memory"], "values": [{"value": 14.480815887451172, "step": null, "ts": 1659994099.050054}]}, "version": 210}
{"obj": {"type": "LogFloats", "path": ["monitoring", "cpu"], "values": [{"value": 98.7, "step": null, "ts": 1659994109.0565522}]}, "version": 211}
{"obj": {"type": "LogFloats", "path": ["monitoring", "memory"], "values": [{"value": 14.638355255126953, "step": null, "ts": 1659994109.0565522}]}, "version": 212}
{"obj": {"type": "LogFloats", "path": ["monitoring", "cpu"], "values": [{"value": 99.3, "step": null, "ts": 1659994119.062002}]}, "version": 213}
{"obj": {"type": "LogFloats", "path": ["monitoring", "memory"], "values": [{"value": 14.803874969482422, "step": null, "ts": 1659994119.062002}]}, "version": 214}
{"obj": {"type": "LogFloats", "path": ["monitoring", "cpu"], "values": [{"value": 92.2, "step": null, "ts": 1659994129.0663862}]}, "version": 215}
{"obj": {"type": "LogFloats", "path": ["monitoring", "memory"], "values": [{"value": 14.82589340209961, "step": null, "ts": 1659994129.0663862}]}, "version": 216}
{"obj": {"type": "LogFloats", "path": ["monitoring", "cpu"], "values": [{"value": 91.1, "step": null, "ts": 1659994139.278734}]}, "version": 217}
{"obj": {"type": "LogFloats", "path": ["monitoring", "memory"], "values": [{"value": 14.503658294677734, "step": null, "ts": 1659994139.278734}]}, "version": 218}
{"obj": {"type": "LogFloats", "path": ["monitoring", "cpu"], "values": [{"value": 98.8, "step": null, "ts": 1659994149.2896032}]}, "version": 219}
{"obj": {"type": "LogFloats", "path": ["monitoring", "memory"], "values": [{"value": 14.579216003417969, "step": null, "ts": 1659994149.2896032}]}, "version": 220}
{"obj": {"type": "LogFloats", "path": ["monitoring", "cpu"], "values": [{"value": 99.5, "step": null, "ts": 1659994159.303985}]}, "version": 221}
{"obj": {"type": "LogFloats", "path": ["monitoring", "memory"], "values": [{"value": 14.736778259277344, "step": null, "ts": 1659994159.303985}]}, "version": 222}
{"obj": {"type": "LogFloats", "path": ["monitoring", "cpu"], "values": [{"value": 99.9, "step": null, "ts": 1659994169.3137631}]}, "version": 223}
{"obj": {"type": "LogFloats", "path": ["monitoring", "memory"], "values": [{"value": 14.773612976074219, "step": null, "ts": 1659994169.3137631}]}, "version": 224}
{"obj": {"type": "LogFloats", "path": ["monitoring", "cpu"], "values": [{"value": 99.3, "step": null, "ts": 1659994179.3197033}]}, "version": 225}
{"obj": {"type": "LogFloats", "path": ["monitoring", "memory"], "values": [{"value": 14.358589172363281, "step": null, "ts": 1659994179.3197033}]}, "version": 226}
{"obj": {"type": "LogFloats", "path": ["monitoring", "cpu"], "values": [{"value": 99.7, "step": null, "ts": 1659994189.3441389}]}, "version": 227}
{"obj": {"type": "LogFloats", "path": ["monitoring", "memory"], "values": [{"value": 14.651847839355469, "step": null, "ts": 1659994189.3441389}]}, "version": 228}
{"obj": {"type": "LogFloats", "path": ["monitoring", "cpu"], "values": [{"value": 99.0, "step": null, "ts": 1659994199.354517}]}, "version": 229}
{"obj": {"type": "LogFloats", "path": ["monitoring", "memory"], "values": [{"value": 14.822734832763672, "step": null, "ts": 1659994199.354517}]}, "version": 230}
{"obj": {"type": "LogFloats", "path": ["monitoring", "cpu"], "values": [{"value": 99.7, "step": null, "ts": 1659994209.36368}]}, "version": 231}
{"obj": {"type": "LogFloats", "path": ["monitoring", "memory"], "values": [{"value": 14.885833740234375, "step": null, "ts": 1659994209.36368}]}, "version": 232}
{"obj": {"type": "LogFloats", "path": ["monitoring", "cpu"], "values": [{"value": 98.8, "step": null, "ts": 1659994219.3767638}]}, "version": 233}
{"obj": {"type": "LogFloats", "path": ["monitoring", "memory"], "values": [{"value": 14.363067626953125, "step": null, "ts": 1659994219.3767638}]}, "version": 234}
{"obj": {"type": "LogFloats", "path": ["monitoring", "cpu"], "values": [{"value": 99.6, "step": null, "ts": 1659994229.3807445}]}, "version": 235}
{"obj": {"type": "LogFloats", "path": ["monitoring", "memory"], "values": [{"value": 14.543365478515625, "step": null, "ts": 1659994229.3807445}]}, "version": 236}
{"obj": {"type": "LogFloats", "path": ["monitoring", "cpu"], "values": [{"value": 99.1, "step": null, "ts": 1659994239.3895712}]}, "version": 237}
{"obj": {"type": "LogFloats", "path": ["monitoring", "memory"], "values": [{"value": 14.61673355102539, "step": null, "ts": 1659994239.3895712}]}, "version": 238}
{"obj": {"type": "LogFloats", "path": ["monitoring", "cpu"], "values": [{"value": 99.0, "step": null, "ts": 1659994249.394364}]}, "version": 239}
{"obj": {"type": "LogFloats", "path": ["monitoring", "memory"], "values": [{"value": 14.778564453125, "step": null, "ts": 1659994249.394364}]}, "version": 240}
{"obj": {"type": "LogFloats", "path": ["monitoring", "cpu"], "values": [{"value": 98.8, "step": null, "ts": 1659994259.4013836}]}, "version": 241}
{"obj": {"type": "LogFloats", "path": ["monitoring", "memory"], "values": [{"value": 14.468700408935547, "step": null, "ts": 1659994259.4013836}]}, "version": 242}
{"obj": {"type": "LogFloats", "path": ["monitoring", "cpu"], "values": [{"value": 98.6, "step": null, "ts": 1659994269.4054468}]}, "version": 243}
{"obj": {"type": "LogFloats", "path": ["monitoring", "memory"], "values": [{"value": 14.690422058105469, "step": null, "ts": 1659994269.4054468}]}, "version": 244}
{"obj": {"type": "LogFloats", "path": ["monitoring", "cpu"], "values": [{"value": 99.8, "step": null, "ts": 1659994279.416175}]}, "version": 245}
{"obj": {"type": "LogFloats", "path": ["monitoring", "memory"], "values": [{"value": 14.390277862548828, "step": null, "ts": 1659994279.416175}]}, "version": 246}
{"obj": {"type": "LogFloats", "path": ["monitoring", "cpu"], "values": [{"value": 99.9, "step": null, "ts": 1659994289.421653}]}, "version": 247}
{"obj": {"type": "LogFloats", "path": ["monitoring", "memory"], "values": [{"value": 14.636688232421875, "step": null, "ts": 1659994289.421653}]}, "version": 248}
{"obj": {"type": "LogFloats", "path": ["monitoring", "cpu"], "values": [{"value": 99.7, "step": null, "ts": 1659994299.4253368}]}, "version": 249}
{"obj": {"type": "LogFloats", "path": ["monitoring", "memory"], "values": [{"value": 14.366455078125, "step": null, "ts": 1659994299.4253368}]}, "version": 250}
{"obj": {"type": "LogFloats", "path": ["monitoring", "cpu"], "values": [{"value": 99.8, "step": null, "ts": 1659994309.432307}]}, "version": 251}
{"obj": {"type": "LogFloats", "path": ["monitoring", "memory"], "values": [{"value": 14.505130767822266, "step": null, "ts": 1659994309.432307}]}, "version": 252}
{"obj": {"type": "LogFloats", "path": ["monitoring", "cpu"], "values": [{"value": 99.9, "step": null, "ts": 1659994319.4364192}]}, "version": 253}
{"obj": {"type": "LogFloats", "path": ["monitoring", "memory"], "values": [{"value": 14.869205474853516, "step": null, "ts": 1659994319.4364192}]}, "version": 254}
{"obj": {"type": "LogFloats", "path": ["monitoring", "cpu"], "values": [{"value": 99.7, "step": null, "ts": 1659994329.4404826}]}, "version": 255}
{"obj": {"type": "LogFloats", "path": ["monitoring", "memory"], "values": [{"value": 14.406288146972656, "step": null, "ts": 1659994329.4404826}]}, "version": 256}
{"obj": {"type": "LogFloats", "path": ["monitoring", "cpu"], "values": [{"value": 99.8, "step": null, "ts": 1659994339.456844}]}, "version": 257}
{"obj": {"type": "LogFloats", "path": ["monitoring", "memory"], "values": [{"value": 14.60870361328125, "step": null, "ts": 1659994339.456844}]}, "version": 258}
{"obj": {"type": "LogFloats", "path": ["monitoring", "cpu"], "values": [{"value": 99.8, "step": null, "ts": 1659994349.4607518}]}, "version": 259}
{"obj": {"type": "LogFloats", "path": ["monitoring", "memory"], "values": [{"value": 14.727458953857422, "step": null, "ts": 1659994349.4607518}]}, "version": 260}
{"obj": {"type": "LogFloats", "path": ["monitoring", "cpu"], "values": [{"value": 99.3, "step": null, "ts": 1659994359.4718466}]}, "version": 261}
{"obj": {"type": "LogFloats", "path": ["monitoring", "memory"], "values": [{"value": 14.345481872558594, "step": null, "ts": 1659994359.4718466}]}, "version": 262}
{"obj": {"type": "LogFloats", "path": ["monitoring", "cpu"], "values": [{"value": 99.8, "step": null, "ts": 1659994369.4829402}]}, "version": 263}
{"obj": {"type": "LogFloats", "path": ["monitoring", "memory"], "values": [{"value": 14.596088409423828, "step": null, "ts": 1659994369.4829402}]}, "version": 264}
{"obj": {"type": "LogFloats", "path": ["monitoring", "cpu"], "values": [{"value": 99.9, "step": null, "ts": 1659994379.4921963}]}, "version": 265}
{"obj": {"type": "LogFloats", "path": ["monitoring", "memory"], "values": [{"value": 14.764274597167969, "step": null, "ts": 1659994379.4921963}]}, "version": 266}
{"obj": {"type": "LogFloats", "path": ["monitoring", "cpu"], "values": [{"value": 99.5, "step": null, "ts": 1659994389.498841}]}, "version": 267}
{"obj": {"type": "LogFloats", "path": ["monitoring", "memory"], "values": [{"value": 14.39474105834961, "step": null, "ts": 1659994389.498841}]}, "version": 268}
{"obj": {"type": "LogFloats", "path": ["monitoring", "cpu"], "values": [{"value": 99.9, "step": null, "ts": 1659994399.5209682}]}, "version": 269}
{"obj": {"type": "LogFloats", "path": ["monitoring", "memory"], "values": [{"value": 14.6446533203125, "step": null, "ts": 1659994399.5209682}]}, "version": 270}
{"obj": {"type": "LogFloats", "path": ["monitoring", "cpu"], "values": [{"value": 99.7, "step": null, "ts": 1659994409.5298555}]}, "version": 271}
{"obj": {"type": "LogFloats", "path": ["monitoring", "memory"], "values": [{"value": 14.724437713623047, "step": null, "ts": 1659994409.5298555}]}, "version": 272}
{"obj": {"type": "LogFloats", "path": ["monitoring", "cpu"], "values": [{"value": 99.9, "step": null, "ts": 1659994419.5396934}]}, "version": 273}
{"obj": {"type": "LogFloats", "path": ["monitoring", "memory"], "values": [{"value": 14.484569549560547, "step": null, "ts": 1659994419.5396934}]}, "version": 274}
{"obj": {"type": "LogFloats", "path": ["monitoring", "cpu"], "values": [{"value": 99.9, "step": null, "ts": 1659994429.551612}]}, "version": 275}
{"obj": {"type": "LogFloats", "path": ["monitoring", "memory"], "values": [{"value": 14.64645004272461, "step": null, "ts": 1659994429.551612}]}, "version": 276}
{"obj": {"type": "LogFloats", "path": ["monitoring", "cpu"], "values": [{"value": 99.7, "step": null, "ts": 1659994439.5608647}]}, "version": 277}
{"obj": {"type": "LogFloats", "path": ["monitoring", "memory"], "values": [{"value": 14.355453491210938, "step": null, "ts": 1659994439.5608647}]}, "version": 278}
{"obj": {"type": "LogFloats", "path": ["monitoring", "cpu"], "values": [{"value": 98.1, "step": null, "ts": 1659994449.5711188}]}, "version": 279}
{"obj": {"type": "LogFloats", "path": ["monitoring", "memory"], "values": [{"value": 14.542083740234375, "step": null, "ts": 1659994449.5711188}]}, "version": 280}
{"obj": {"type": "LogFloats", "path": ["monitoring", "cpu"], "values": [{"value": 99.2, "step": null, "ts": 1659994459.574895}]}, "version": 281}
{"obj": {"type": "LogFloats", "path": ["monitoring", "memory"], "values": [{"value": 14.949676513671875, "step": null, "ts": 1659994459.574895}]}, "version": 282}
{"obj": {"type": "LogFloats", "path": ["monitoring", "cpu"], "values": [{"value": 99.4, "step": null, "ts": 1659994469.5797234}]}, "version": 283}
{"obj": {"type": "LogFloats", "path": ["monitoring", "memory"], "values": [{"value": 14.501590728759766, "step": null, "ts": 1659994469.5797234}]}, "version": 284}
{"obj": {"type": "LogFloats", "path": ["monitoring", "cpu"], "values": [{"value": 98.9, "step": null, "ts": 1659994479.694679}]}, "version": 285}
{"obj": {"type": "LogFloats", "path": ["monitoring", "memory"], "values": [{"value": 14.599113464355469, "step": null, "ts": 1659994479.694679}]}, "version": 286}
{"obj": {"type": "LogFloats", "path": ["monitoring", "cpu"], "values": [{"value": 99.1, "step": null, "ts": 1659994489.6984172}]}, "version": 287}
{"obj": {"type": "LogFloats", "path": ["monitoring", "memory"], "values": [{"value": 14.766990661621094, "step": null, "ts": 1659994489.6984172}]}, "version": 288}
{"obj": {"type": "LogFloats", "path": ["monitoring", "cpu"], "values": [{"value": 99.3, "step": null, "ts": 1659994499.7024288}]}, "version": 289}
{"obj": {"type": "LogFloats", "path": ["monitoring", "memory"], "values": [{"value": 14.732616424560547, "step": null, "ts": 1659994499.7024288}]}, "version": 290}
{"obj": {"type": "LogFloats", "path": ["monitoring", "cpu"], "values": [{"value": 99.5, "step": null, "ts": 1659994509.7075303}]}, "version": 291}
{"obj": {"type": "LogFloats", "path": ["monitoring", "memory"], "values": [{"value": 14.501953125, "step": null, "ts": 1659994509.7075303}]}, "version": 292}
{"obj": {"type": "LogFloats", "path": ["monitoring", "cpu"], "values": [{"value": 99.8, "step": null, "ts": 1659994519.71173}]}, "version": 293}
{"obj": {"type": "LogFloats", "path": ["monitoring", "memory"], "values": [{"value": 14.674358367919922, "step": null, "ts": 1659994519.71173}]}, "version": 294}
{"obj": {"type": "LogFloats", "path": ["monitoring", "cpu"], "values": [{"value": 88.8, "step": null, "ts": 1659994529.7247603}]}, "version": 295}
{"obj": {"type": "LogFloats", "path": ["monitoring", "memory"], "values": [{"value": 14.789234161376953, "step": null, "ts": 1659994529.7247603}]}, "version": 296}
{"obj": {"type": "LogFloats", "path": ["monitoring", "cpu"], "values": [{"value": 97.0, "step": null, "ts": 1659994539.7510214}]}, "version": 297}
{"obj": {"type": "LogFloats", "path": ["monitoring", "memory"], "values": [{"value": 14.903114318847656, "step": null, "ts": 1659994539.7510214}]}, "version": 298}
{"obj": {"type": "LogFloats", "path": ["monitoring", "cpu"], "values": [{"value": 98.8, "step": null, "ts": 1659994549.8245995}]}, "version": 299}
{"obj": {"type": "LogFloats", "path": ["monitoring", "memory"], "values": [{"value": 14.83523941040039, "step": null, "ts": 1659994549.8245995}]}, "version": 300}
{"obj": {"type": "LogFloats", "path": ["monitoring", "cpu"], "values": [{"value": 98.8, "step": null, "ts": 1659994559.8368437}]}, "version": 301}
{"obj": {"type": "LogFloats", "path": ["monitoring", "memory"], "values": [{"value": 14.353282928466797, "step": null, "ts": 1659994559.8368437}]}, "version": 302}
{"obj": {"type": "LogFloats", "path": ["monitoring", "cpu"], "values": [{"value": 99.8, "step": null, "ts": 1659994569.8480175}]}, "version": 303}
{"obj": {"type": "LogFloats", "path": ["monitoring", "memory"], "values": [{"value": 14.467845916748047, "step": null, "ts": 1659994569.8480175}]}, "version": 304}
{"obj": {"type": "LogFloats", "path": ["monitoring", "cpu"], "values": [{"value": 99.9, "step": null, "ts": 1659994579.8593032}]}, "version": 305}
{"obj": {"type": "LogFloats", "path": ["monitoring", "memory"], "values": [{"value": 14.558708190917969, "step": null, "ts": 1659994579.8593032}]}, "version": 306}
{"obj": {"type": "LogFloats", "path": ["monitoring", "cpu"], "values": [{"value": 99.1, "step": null, "ts": 1659994589.8675873}]}, "version": 307}
{"obj": {"type": "LogFloats", "path": ["monitoring", "memory"], "values": [{"value": 14.645275115966797, "step": null, "ts": 1659994589.8675873}]}, "version": 308}
{"obj": {"type": "LogFloats", "path": ["monitoring", "cpu"], "values": [{"value": 99.4, "step": null, "ts": 1659994599.8709335}]}, "version": 309}
{"obj": {"type": "LogFloats", "path": ["monitoring", "memory"], "values": [{"value": 14.70095443725586, "step": null, "ts": 1659994599.8709335}]}, "version": 310}
{"obj": {"type": "LogFloats", "path": ["monitoring", "cpu"], "values": [{"value": 99.2, "step": null, "ts": 1659994609.8741403}]}, "version": 311}
{"obj": {"type": "LogFloats", "path": ["monitoring", "memory"], "values": [{"value": 14.785026550292969, "step": null, "ts": 1659994609.8741403}]}, "version": 312}
{"obj": {"type": "LogFloats", "path": ["monitoring", "cpu"], "values": [{"value": 89.6, "step": null, "ts": 1659994619.877207}]}, "version": 313}
{"obj": {"type": "LogFloats", "path": ["monitoring", "memory"], "values": [{"value": 14.846244812011719, "step": null, "ts": 1659994619.877207}]}, "version": 314}
{"obj": {"type": "LogFloats", "path": ["monitoring", "cpu"], "values": [{"value": 99.6, "step": null, "ts": 1659994629.8828294}]}, "version": 315}
{"obj": {"type": "LogFloats", "path": ["monitoring", "memory"], "values": [{"value": 14.360397338867188, "step": null, "ts": 1659994629.8828294}]}, "version": 316}
{"obj": {"type": "LogFloats", "path": ["monitoring", "cpu"], "values": [{"value": 99.8, "step": null, "ts": 1659994640.0316956}]}, "version": 317}
{"obj": {"type": "LogFloats", "path": ["monitoring", "memory"], "values": [{"value": 14.506233215332031, "step": null, "ts": 1659994640.0316956}]}, "version": 318}
{"obj": {"type": "LogFloats", "path": ["monitoring", "cpu"], "values": [{"value": 98.9, "step": null, "ts": 1659994650.0415976}]}, "version": 319}
{"obj": {"type": "LogFloats", "path": ["monitoring", "memory"], "values": [{"value": 14.61569595336914, "step": null, "ts": 1659994650.0415976}]}, "version": 320}
{"obj": {"type": "LogFloats", "path": ["monitoring", "cpu"], "values": [{"value": 99.2, "step": null, "ts": 1659994660.0492604}]}, "version": 321}
{"obj": {"type": "LogFloats", "path": ["monitoring", "memory"], "values": [{"value": 14.693405151367188, "step": null, "ts": 1659994660.0492604}]}, "version": 322}
{"obj": {"type": "LogFloats", "path": ["monitoring", "cpu"], "values": [{"value": 98.2, "step": null, "ts": 1659994670.0581052}]}, "version": 323}
{"obj": {"type": "LogFloats", "path": ["monitoring", "memory"], "values": [{"value": 14.75741195678711, "step": null, "ts": 1659994670.0581052}]}, "version": 324}
{"obj": {"type": "LogFloats", "path": ["monitoring", "cpu"], "values": [{"value": 99.1, "step": null, "ts": 1659994680.0610766}]}, "version": 325}
{"obj": {"type": "LogFloats", "path": ["monitoring", "memory"], "values": [{"value": 14.803611755371094, "step": null, "ts": 1659994680.0610766}]}, "version": 326}
{"obj": {"type": "LogFloats", "path": ["monitoring", "cpu"], "values": [{"value": 99.3, "step": null, "ts": 1659994690.0687582}]}, "version": 327}
{"obj": {"type": "LogFloats", "path": ["monitoring", "memory"], "values": [{"value": 14.394275665283203, "step": null, "ts": 1659994690.0687582}]}, "version": 328}
{"obj": {"type": "LogFloats", "path": ["monitoring", "cpu"], "values": [{"value": 98.8, "step": null, "ts": 1659994700.0723162}]}, "version": 329}
{"obj": {"type": "LogFloats", "path": ["monitoring", "memory"], "values": [{"value": 14.561100006103516, "step": null, "ts": 1659994700.0723162}]}, "version": 330}
{"obj": {"type": "LogFloats", "path": ["monitoring", "cpu"], "values": [{"value": 99.2, "step": null, "ts": 1659994710.0752394}]}, "version": 331}
{"obj": {"type": "LogFloats", "path": ["monitoring", "memory"], "values": [{"value": 14.67867660522461, "step": null, "ts": 1659994710.0752394}]}, "version": 332}
{"obj": {"type": "LogFloats", "path": ["monitoring", "cpu"], "values": [{"value": 99.9, "step": null, "ts": 1659994720.0792112}]}, "version": 333}
{"obj": {"type": "LogFloats", "path": ["monitoring", "memory"], "values": [{"value": 14.797466278076172, "step": null, "ts": 1659994720.0792112}]}, "version": 334}
{"obj": {"type": "LogFloats", "path": ["monitoring", "cpu"], "values": [{"value": 96.5, "step": null, "ts": 1659994730.0831115}]}, "version": 335}
{"obj": {"type": "LogFloats", "path": ["monitoring", "memory"], "values": [{"value": 14.354698181152344, "step": null, "ts": 1659994730.0831115}]}, "version": 336}
{"obj": {"type": "LogFloats", "path": ["monitoring", "cpu"], "values": [{"value": 99.9, "step": null, "ts": 1659994740.0881438}]}, "version": 337}
{"obj": {"type": "LogFloats", "path": ["monitoring", "memory"], "values": [{"value": 14.445541381835938, "step": null, "ts": 1659994740.0881438}]}, "version": 338}
{"obj": {"type": "LogFloats", "path": ["monitoring", "cpu"], "values": [{"value": 99.8, "step": null, "ts": 1659994750.0945437}]}, "version": 339}
{"obj": {"type": "LogFloats", "path": ["monitoring", "memory"], "values": [{"value": 14.643177032470703, "step": null, "ts": 1659994750.0945437}]}, "version": 340}
{"obj": {"type": "LogFloats", "path": ["monitoring", "cpu"], "values": [{"value": 99.9, "step": null, "ts": 1659994760.1044154}]}, "version": 341}
{"obj": {"type": "LogFloats", "path": ["monitoring", "memory"], "values": [{"value": 14.76462173461914, "step": null, "ts": 1659994760.1044154}]}, "version": 342}
{"obj": {"type": "LogFloats", "path": ["monitoring", "cpu"], "values": [{"value": 93.9, "step": null, "ts": 1659994770.5396388}]}, "version": 343}
{"obj": {"type": "LogFloats", "path": ["monitoring", "memory"], "values": [{"value": 14.623176574707031, "step": null, "ts": 1659994770.5396388}]}, "version": 344}
{"obj": {"type": "LogFloats", "path": ["monitoring", "cpu"], "values": [{"value": 99.9, "step": null, "ts": 1659994780.5478907}]}, "version": 345}
{"obj": {"type": "LogFloats", "path": ["monitoring", "memory"], "values": [{"value": 14.5645751953125, "step": null, "ts": 1659994780.5478907}]}, "version": 346}
{"obj": {"type": "LogFloats", "path": ["monitoring", "cpu"], "values": [{"value": 99.8, "step": null, "ts": 1659994790.6061637}]}, "version": 347}
{"obj": {"type": "LogFloats", "path": ["monitoring", "memory"], "values": [{"value": 14.34295654296875, "step": null, "ts": 1659994790.6061637}]}, "version": 348}
{"obj": {"type": "LogFloats", "path": ["monitoring", "cpu"], "values": [{"value": 99.3, "step": null, "ts": 1659994800.6147714}]}, "version": 349}
{"obj": {"type": "LogFloats", "path": ["monitoring", "memory"], "values": [{"value": 14.485347747802734, "step": null, "ts": 1659994800.6147714}]}, "version": 350}
{"obj": {"type": "LogFloats", "path": ["monitoring", "cpu"], "values": [{"value": 99.2, "step": null, "ts": 1659994810.623263}]}, "version": 351}
{"obj": {"type": "LogFloats", "path": ["monitoring", "memory"], "values": [{"value": 14.6368408203125, "step": null, "ts": 1659994810.623263}]}, "version": 352}
{"obj": {"type": "LogFloats", "path": ["monitoring", "cpu"], "values": [{"value": 99.7, "step": null, "ts": 1659994820.6390865}]}, "version": 353}
{"obj": {"type": "LogFloats", "path": ["monitoring", "memory"], "values": [{"value": 14.64779281616211, "step": null, "ts": 1659994820.6390865}]}, "version": 354}
{"obj": {"type": "LogFloats", "path": ["monitoring", "cpu"], "values": [{"value": 99.6, "step": null, "ts": 1659994830.658435}]}, "version": 355}
{"obj": {"type": "LogFloats", "path": ["monitoring", "memory"], "values": [{"value": 14.755657196044922, "step": null, "ts": 1659994830.658435}]}, "version": 356}
{"obj": {"type": "LogFloats", "path": ["monitoring", "cpu"], "values": [{"value": 99.8, "step": null, "ts": 1659994840.6624346}]}, "version": 357}
{"obj": {"type": "LogFloats", "path": ["monitoring", "memory"], "values": [{"value": 14.349987030029297, "step": null, "ts": 1659994840.6624346}]}, "version": 358}
{"obj": {"type": "LogFloats", "path": ["monitoring", "cpu"], "values": [{"value": 99.5, "step": null, "ts": 1659994850.6669598}]}, "version": 359}
{"obj": {"type": "LogFloats", "path": ["monitoring", "memory"], "values": [{"value": 14.47829818725586, "step": null, "ts": 1659994850.6669598}]}, "version": 360}
{"obj": {"type": "LogFloats", "path": ["monitoring", "cpu"], "values": [{"value": 94.4, "step": null, "ts": 1659994860.6704206}]}, "version": 361}
{"obj": {"type": "LogFloats", "path": ["monitoring", "memory"], "values": [{"value": 14.564308166503906, "step": null, "ts": 1659994860.6704206}]}, "version": 362}
{"obj": {"type": "LogFloats", "path": ["monitoring", "cpu"], "values": [{"value": 99.8, "step": null, "ts": 1659994870.674631}]}, "version": 363}
{"obj": {"type": "LogFloats", "path": ["monitoring", "memory"], "values": [{"value": 14.620201110839844, "step": null, "ts": 1659994870.674631}]}, "version": 364}
{"obj": {"type": "LogFloats", "path": ["monitoring", "cpu"], "values": [{"value": 99.5, "step": null, "ts": 1659994880.684668}]}, "version": 365}
{"obj": {"type": "LogFloats", "path": ["monitoring", "memory"], "values": [{"value": 14.703083038330078, "step": null, "ts": 1659994880.684668}]}, "version": 366}
{"obj": {"type": "LogFloats", "path": ["monitoring", "cpu"], "values": [{"value": 99.0, "step": null, "ts": 1659994890.7206454}]}, "version": 367}
{"obj": {"type": "LogFloats", "path": ["monitoring", "memory"], "values": [{"value": 14.291290283203125, "step": null, "ts": 1659994890.7206454}]}, "version": 368}
{"obj": {"type": "LogFloats", "path": ["monitoring", "cpu"], "values": [{"value": 99.8, "step": null, "ts": 1659994900.7274587}]}, "version": 369}
{"obj": {"type": "LogFloats", "path": ["monitoring", "memory"], "values": [{"value": 14.392955780029297, "step": null, "ts": 1659994900.7274587}]}, "version": 370}
{"obj": {"type": "LogFloats", "path": ["monitoring", "cpu"], "values": [{"value": 99.1, "step": null, "ts": 1659994910.7399929}]}, "version": 371}
{"obj": {"type": "LogFloats", "path": ["monitoring", "memory"], "values": [{"value": 14.485488891601562, "step": null, "ts": 1659994910.7399929}]}, "version": 372}
{"obj": {"type": "LogFloats", "path": ["monitoring", "cpu"], "values": [{"value": 99.5, "step": null, "ts": 1659994920.7468455}]}, "version": 373}
{"obj": {"type": "LogFloats", "path": ["monitoring", "memory"], "values": [{"value": 14.540252685546875, "step": null, "ts": 1659994920.7468455}]}, "version": 374}
{"obj": {"type": "LogFloats", "path": ["monitoring", "cpu"], "values": [{"value": 99.2, "step": null, "ts": 1659994930.7539277}]}, "version": 375}
{"obj": {"type": "LogFloats", "path": ["monitoring", "memory"], "values": [{"value": 14.646629333496094, "step": null, "ts": 1659994930.7539277}]}, "version": 376}
{"obj": {"type": "LogFloats", "path": ["monitoring", "cpu"], "values": [{"value": 99.9, "step": null, "ts": 1659994940.7608752}]}, "version": 377}
{"obj": {"type": "LogFloats", "path": ["monitoring", "memory"], "values": [{"value": 14.7188720703125, "step": null, "ts": 1659994940.7608752}]}, "version": 378}
{"obj": {"type": "LogFloats", "path": ["monitoring", "cpu"], "values": [{"value": 99.7, "step": null, "ts": 1659994950.7716877}]}, "version": 379}
{"obj": {"type": "LogFloats", "path": ["monitoring", "memory"], "values": [{"value": 14.271949768066406, "step": null, "ts": 1659994950.7716877}]}, "version": 380}
{"obj": {"type": "LogFloats", "path": ["monitoring", "cpu"], "values": [{"value": 99.8, "step": null, "ts": 1659994960.783488}]}, "version": 381}
{"obj": {"type": "LogFloats", "path": ["monitoring", "memory"], "values": [{"value": 14.404071807861328, "step": null, "ts": 1659994960.783488}]}, "version": 382}
{"obj": {"type": "LogFloats", "path": ["monitoring", "cpu"], "values": [{"value": 98.4, "step": null, "ts": 1659994970.7874794}]}, "version": 383}
{"obj": {"type": "LogFloats", "path": ["monitoring", "memory"], "values": [{"value": 14.477901458740234, "step": null, "ts": 1659994970.7874794}]}, "version": 384}
{"obj": {"type": "LogFloats", "path": ["monitoring", "cpu"], "values": [{"value": 99.8, "step": null, "ts": 1659994980.7953494}]}, "version": 385}
{"obj": {"type": "LogFloats", "path": ["monitoring", "memory"], "values": [{"value": 14.587074279785156, "step": null, "ts": 1659994980.7953494}]}, "version": 386}
{"obj": {"type": "LogFloats", "path": ["monitoring", "cpu"], "values": [{"value": 99.7, "step": null, "ts": 1659994990.7991014}]}, "version": 387}
{"obj": {"type": "LogFloats", "path": ["monitoring", "memory"], "values": [{"value": 14.652462005615234, "step": null, "ts": 1659994990.7991014}]}, "version": 388}
{"obj": {"type": "LogFloats", "path": ["monitoring", "cpu"], "values": [{"value": 99.7, "step": null, "ts": 1659995000.8039126}]}, "version": 389}
{"obj": {"type": "LogFloats", "path": ["monitoring", "memory"], "values": [{"value": 14.248706817626953, "step": null, "ts": 1659995000.8039126}]}, "version": 390}
{"obj": {"type": "LogFloats", "path": ["monitoring", "cpu"], "values": [{"value": 99.8, "step": null, "ts": 1659995010.8081443}]}, "version": 391}
{"obj": {"type": "LogFloats", "path": ["monitoring", "memory"], "values": [{"value": 14.378841400146484, "step": null, "ts": 1659995010.8081443}]}, "version": 392}
{"obj": {"type": "LogFloats", "path": ["monitoring", "cpu"], "values": [{"value": 98.3, "step": null, "ts": 1659995020.8228247}]}, "version": 393}
{"obj": {"type": "LogFloats", "path": ["monitoring", "memory"], "values": [{"value": 14.43985366821289, "step": null, "ts": 1659995020.8228247}]}, "version": 394}
{"obj": {"type": "LogFloats", "path": ["monitoring", "cpu"], "values": [{"value": 99.4, "step": null, "ts": 1659995030.8373303}]}, "version": 395}
{"obj": {"type": "LogFloats", "path": ["monitoring", "memory"], "values": [{"value": 14.496124267578125, "step": null, "ts": 1659995030.8373303}]}, "version": 396}
{"obj": {"type": "LogFloats", "path": ["monitoring", "cpu"], "values": [{"value": 42.0, "step": null, "ts": 1659995040.9860163}]}, "version": 397}
{"obj": {"type": "LogFloats", "path": ["monitoring", "memory"], "values": [{"value": 14.542488098144531, "step": null, "ts": 1659995040.9860163}]}, "version": 398}
{"obj": {"type": "LogFloats", "path": ["monitoring", "cpu"], "values": [{"value": 22.9, "step": null, "ts": 1659995051.0006535}]}, "version": 399}
{"obj": {"type": "LogFloats", "path": ["monitoring", "memory"], "values": [{"value": 14.53921127319336, "step": null, "ts": 1659995051.0006535}]}, "version": 400}
{"obj": {"type": "LogFloats", "path": ["monitoring", "cpu"], "values": [{"value": 21.7, "step": null, "ts": 1659995061.0115578}]}, "version": 401}
{"obj": {"type": "LogFloats", "path": ["monitoring", "memory"], "values": [{"value": 14.472064971923828, "step": null, "ts": 1659995061.0115578}]}, "version": 402}
{"obj": {"type": "LogFloats", "path": ["monitoring", "cpu"], "values": [{"value": 20.4, "step": null, "ts": 1659995071.0192091}]}, "version": 403}
{"obj": {"type": "LogFloats", "path": ["monitoring", "memory"], "values": [{"value": 14.46915054321289, "step": null, "ts": 1659995071.0192091}]}, "version": 404}
{"obj": {"type": "LogFloats", "path": ["monitoring", "cpu"], "values": [{"value": 22.4, "step": null, "ts": 1659995081.022429}]}, "version": 405}
{"obj": {"type": "LogFloats", "path": ["monitoring", "memory"], "values": [{"value": 14.481136322021484, "step": null, "ts": 1659995081.022429}]}, "version": 406}
{"obj": {"type": "LogFloats", "path": ["monitoring", "cpu"], "values": [{"value": 23.0, "step": null, "ts": 1659995091.026907}]}, "version": 407}
{"obj": {"type": "LogFloats", "path": ["monitoring", "memory"], "values": [{"value": 14.487762451171875, "step": null, "ts": 1659995091.026907}]}, "version": 408}
{"obj": {"type": "LogFloats", "path": ["monitoring", "cpu"], "values": [{"value": 23.2, "step": null, "ts": 1659995101.0313458}]}, "version": 409}
{"obj": {"type": "LogFloats", "path": ["monitoring", "memory"], "values": [{"value": 14.498516082763672, "step": null, "ts": 1659995101.0313458}]}, "version": 410}
{"obj": {"type": "LogFloats", "path": ["monitoring", "cpu"], "values": [{"value": 21.6, "step": null, "ts": 1659995111.0394082}]}, "version": 411}
{"obj": {"type": "LogFloats", "path": ["monitoring", "memory"], "values": [{"value": 14.567302703857422, "step": null, "ts": 1659995111.0394082}]}, "version": 412}
{"obj": {"type": "LogFloats", "path": ["monitoring", "cpu"], "values": [{"value": 20.4, "step": null, "ts": 1659995121.0428903}]}, "version": 413}
{"obj": {"type": "LogFloats", "path": ["monitoring", "memory"], "values": [{"value": 14.57564926147461, "step": null, "ts": 1659995121.0428903}]}, "version": 414}
{"obj": {"type": "LogFloats", "path": ["monitoring", "cpu"], "values": [{"value": 21.6, "step": null, "ts": 1659995131.0473669}]}, "version": 415}
{"obj": {"type": "LogFloats", "path": ["monitoring", "memory"], "values": [{"value": 14.586349487304688, "step": null, "ts": 1659995131.0473669}]}, "version": 416}
{"obj": {"type": "LogFloats", "path": ["monitoring", "cpu"], "values": [{"value": 23.0, "step": null, "ts": 1659995141.0515697}]}, "version": 417}
{"obj": {"type": "LogFloats", "path": ["monitoring", "memory"], "values": [{"value": 14.586700439453125, "step": null, "ts": 1659995141.0515697}]}, "version": 418}
{"obj": {"type": "LogFloats", "path": ["monitoring", "cpu"], "values": [{"value": 23.7, "step": null, "ts": 1659995151.0557566}]}, "version": 419}
{"obj": {"type": "LogFloats", "path": ["monitoring", "memory"], "values": [{"value": 14.535236358642578, "step": null, "ts": 1659995151.0557566}]}, "version": 420}
{"obj": {"type": "LogFloats", "path": ["monitoring", "cpu"], "values": [{"value": 22.3, "step": null, "ts": 1659995161.0662105}]}, "version": 421}
{"obj": {"type": "LogFloats", "path": ["monitoring", "memory"], "values": [{"value": 14.541885375976562, "step": null, "ts": 1659995161.0662105}]}, "version": 422}
{"obj": {"type": "LogFloats", "path": ["monitoring", "cpu"], "values": [{"value": 20.8, "step": null, "ts": 1659995171.0715117}]}, "version": 423}
{"obj": {"type": "LogFloats", "path": ["monitoring", "memory"], "values": [{"value": 14.556324005126953, "step": null, "ts": 1659995171.0715117}]}, "version": 424}
{"obj": {"type": "LogFloats", "path": ["monitoring", "cpu"], "values": [{"value": 22.4, "step": null, "ts": 1659995181.0759785}]}, "version": 425}
{"obj": {"type": "LogFloats", "path": ["monitoring", "memory"], "values": [{"value": 14.589801788330078, "step": null, "ts": 1659995181.0759785}]}, "version": 426}
{"obj": {"type": "LogFloats", "path": ["monitoring", "cpu"], "values": [{"value": 26.1, "step": null, "ts": 1659995191.0806823}]}, "version": 427}
{"obj": {"type": "LogFloats", "path": ["monitoring", "memory"], "values": [{"value": 14.87575912475586, "step": null, "ts": 1659995191.0806823}]}, "version": 428}
{"obj": {"type": "LogFloats", "path": ["monitoring", "cpu"], "values": [{"value": 23.3, "step": null, "ts": 1659995201.0854082}]}, "version": 429}
{"obj": {"type": "LogFloats", "path": ["monitoring", "memory"], "values": [{"value": 14.901573181152344, "step": null, "ts": 1659995201.0854082}]}, "version": 430}
{"obj": {"type": "LogFloats", "path": ["monitoring", "cpu"], "values": [{"value": 23.0, "step": null, "ts": 1659995211.0900793}]}, "version": 431}
{"obj": {"type": "LogFloats", "path": ["monitoring", "memory"], "values": [{"value": 14.908615112304688, "step": null, "ts": 1659995211.0900793}]}, "version": 432}
{"obj": {"type": "LogFloats", "path": ["monitoring", "cpu"], "values": [{"value": 21.6, "step": null, "ts": 1659995221.4531968}]}, "version": 433}
{"obj": {"type": "LogFloats", "path": ["monitoring", "memory"], "values": [{"value": 14.877681732177734, "step": null, "ts": 1659995221.4531968}]}, "version": 434}
{"obj": {"type": "LogFloats", "path": ["monitoring", "cpu"], "values": [{"value": 22.7, "step": null, "ts": 1659995231.457877}]}, "version": 435}
{"obj": {"type": "LogFloats", "path": ["monitoring", "memory"], "values": [{"value": 14.955589294433594, "step": null, "ts": 1659995231.457877}]}, "version": 436}
{"obj": {"type": "LogFloats", "path": ["monitoring", "cpu"], "values": [{"value": 23.6, "step": null, "ts": 1659995241.4650815}]}, "version": 437}
{"obj": {"type": "LogFloats", "path": ["monitoring", "memory"], "values": [{"value": 14.932220458984375, "step": null, "ts": 1659995241.4650815}]}, "version": 438}
{"obj": {"type": "LogFloats", "path": ["monitoring", "cpu"], "values": [{"value": 24.6, "step": null, "ts": 1659995251.4965563}]}, "version": 439}
{"obj": {"type": "LogFloats", "path": ["monitoring", "memory"], "values": [{"value": 14.956993103027344, "step": null, "ts": 1659995251.4965563}]}, "version": 440}
{"obj": {"type": "LogFloats", "path": ["monitoring", "cpu"], "values": [{"value": 24.3, "step": null, "ts": 1659995261.5032291}]}, "version": 441}
{"obj": {"type": "LogFloats", "path": ["monitoring", "memory"], "values": [{"value": 14.955585479736328, "step": null, "ts": 1659995261.5032291}]}, "version": 442}
{"obj": {"type": "LogFloats", "path": ["monitoring", "cpu"], "values": [{"value": 21.7, "step": null, "ts": 1659995271.5162268}]}, "version": 443}
{"obj": {"type": "LogFloats", "path": ["monitoring", "memory"], "values": [{"value": 14.95394515991211, "step": null, "ts": 1659995271.5162268}]}, "version": 444}
{"obj": {"type": "LogFloats", "path": ["monitoring", "cpu"], "values": [{"value": 21.1, "step": null, "ts": 1659995281.5258162}]}, "version": 445}
{"obj": {"type": "LogFloats", "path": ["monitoring", "memory"], "values": [{"value": 14.954841613769531, "step": null, "ts": 1659995281.5258162}]}, "version": 446}
{"obj": {"type": "LogFloats", "path": ["monitoring", "cpu"], "values": [{"value": 22.0, "step": null, "ts": 1659995291.5372105}]}, "version": 447}
{"obj": {"type": "LogFloats", "path": ["monitoring", "memory"], "values": [{"value": 14.961902618408203, "step": null, "ts": 1659995291.5372105}]}, "version": 448}
{"obj": {"type": "LogFloats", "path": ["monitoring", "cpu"], "values": [{"value": 23.0, "step": null, "ts": 1659995301.547627}]}, "version": 449}
{"obj": {"type": "LogFloats", "path": ["monitoring", "memory"], "values": [{"value": 14.96695327758789, "step": null, "ts": 1659995301.547627}]}, "version": 450}
{"obj": {"type": "LogFloats", "path": ["monitoring", "cpu"], "values": [{"value": 22.9, "step": null, "ts": 1659995311.5517719}]}, "version": 451}
{"obj": {"type": "LogFloats", "path": ["monitoring", "memory"], "values": [{"value": 14.944671630859375, "step": null, "ts": 1659995311.5517719}]}, "version": 452}
{"obj": {"type": "LogFloats", "path": ["monitoring", "cpu"], "values": [{"value": 22.3, "step": null, "ts": 1659995321.5563278}]}, "version": 453}
{"obj": {"type": "LogFloats", "path": ["monitoring", "memory"], "values": [{"value": 14.94158935546875, "step": null, "ts": 1659995321.5563278}]}, "version": 454}
{"obj": {"type": "LogFloats", "path": ["monitoring", "cpu"], "values": [{"value": 20.7, "step": null, "ts": 1659995331.5607524}]}, "version": 455}
{"obj": {"type": "LogFloats", "path": ["monitoring", "memory"], "values": [{"value": 14.937984466552734, "step": null, "ts": 1659995331.5607524}]}, "version": 456}
{"obj": {"type": "LogFloats", "path": ["monitoring", "cpu"], "values": [{"value": 21.2, "step": null, "ts": 1659995341.5644493}]}, "version": 457}
{"obj": {"type": "LogFloats", "path": ["monitoring", "memory"], "values": [{"value": 14.939350128173828, "step": null, "ts": 1659995341.5644493}]}, "version": 458}
{"obj": {"type": "LogFloats", "path": ["monitoring", "cpu"], "values": [{"value": 22.7, "step": null, "ts": 1659995351.576888}]}, "version": 459}
{"obj": {"type": "LogFloats", "path": ["monitoring", "memory"], "values": [{"value": 14.940803527832031, "step": null, "ts": 1659995351.576888}]}, "version": 460}
{"obj": {"type": "LogFloats", "path": ["monitoring", "cpu"], "values": [{"value": 23.5, "step": null, "ts": 1659995361.5813}]}, "version": 461}
{"obj": {"type": "LogFloats", "path": ["monitoring", "memory"], "values": [{"value": 14.944747924804688, "step": null, "ts": 1659995361.5813}]}, "version": 462}
{"obj": {"type": "LogFloats", "path": ["monitoring", "cpu"], "values": [{"value": 23.2, "step": null, "ts": 1659995371.5854044}]}, "version": 463}
{"obj": {"type": "LogFloats", "path": ["monitoring", "memory"], "values": [{"value": 14.954639434814453, "step": null, "ts": 1659995371.5854044}]}, "version": 464}
{"obj": {"type": "LogFloats", "path": ["monitoring", "cpu"], "values": [{"value": 21.3, "step": null, "ts": 1659995381.5923324}]}, "version": 465}
{"obj": {"type": "LogFloats", "path": ["monitoring", "memory"], "values": [{"value": 14.96048355102539, "step": null, "ts": 1659995381.5923324}]}, "version": 466}
{"obj": {"type": "LogFloats", "path": ["monitoring", "cpu"], "values": [{"value": 20.9, "step": null, "ts": 1659995391.5959876}]}, "version": 467}
{"obj": {"type": "LogFloats", "path": ["monitoring", "memory"], "values": [{"value": 14.977436065673828, "step": null, "ts": 1659995391.5959876}]}, "version": 468}
{"obj": {"type": "LogFloats", "path": ["monitoring", "cpu"], "values": [{"value": 22.4, "step": null, "ts": 1659995401.6001492}]}, "version": 469}
{"obj": {"type": "LogFloats", "path": ["monitoring", "memory"], "values": [{"value": 14.994453430175781, "step": null, "ts": 1659995401.6001492}]}, "version": 470}
{"obj": {"type": "LogFloats", "path": ["monitoring", "cpu"], "values": [{"value": 23.4, "step": null, "ts": 1659995411.606085}]}, "version": 471}
{"obj": {"type": "LogFloats", "path": ["monitoring", "memory"], "values": [{"value": 14.407794952392578, "step": null, "ts": 1659995411.606085}]}, "version": 472}
{"obj": {"type": "LogFloats", "path": ["monitoring", "cpu"], "values": [{"value": 24.2, "step": null, "ts": 1659995421.628034}]}, "version": 473}
{"obj": {"type": "LogFloats", "path": ["monitoring", "memory"], "values": [{"value": 14.521350860595703, "step": null, "ts": 1659995421.628034}]}, "version": 474}
{"obj": {"type": "LogFloats", "path": ["monitoring", "cpu"], "values": [{"value": 21.3, "step": null, "ts": 1659995431.6321278}]}, "version": 475}
{"obj": {"type": "LogFloats", "path": ["monitoring", "memory"], "values": [{"value": 14.586841583251953, "step": null, "ts": 1659995431.6321278}]}, "version": 476}
{"obj": {"type": "LogFloats", "path": ["monitoring", "cpu"], "values": [{"value": 21.0, "step": null, "ts": 1659995441.6413646}]}, "version": 477}
{"obj": {"type": "LogFloats", "path": ["monitoring", "memory"], "values": [{"value": 14.60333251953125, "step": null, "ts": 1659995441.6413646}]}, "version": 478}
{"obj": {"type": "LogFloats", "path": ["monitoring", "cpu"], "values": [{"value": 22.8, "step": null, "ts": 1659995451.6501575}]}, "version": 479}
{"obj": {"type": "LogFloats", "path": ["monitoring", "memory"], "values": [{"value": 14.631294250488281, "step": null, "ts": 1659995451.6501575}]}, "version": 480}
{"obj": {"type": "LogFloats", "path": ["monitoring", "cpu"], "values": [{"value": 24.1, "step": null, "ts": 1659995461.6636822}]}, "version": 481}
{"obj": {"type": "LogFloats", "path": ["monitoring", "memory"], "values": [{"value": 14.739311218261719, "step": null, "ts": 1659995461.6636822}]}, "version": 482}
{"obj": {"type": "LogFloats", "path": ["monitoring", "cpu"], "values": [{"value": 22.1, "step": null, "ts": 1659995471.6697001}]}, "version": 483}
{"obj": {"type": "LogFloats", "path": ["monitoring", "memory"], "values": [{"value": 14.865901947021484, "step": null, "ts": 1659995471.6697001}]}, "version": 484}
{"obj": {"type": "LogFloats", "path": ["monitoring", "cpu"], "values": [{"value": 21.2, "step": null, "ts": 1659995481.6738553}]}, "version": 485}
{"obj": {"type": "LogFloats", "path": ["monitoring", "memory"], "values": [{"value": 14.8609619140625, "step": null, "ts": 1659995481.6738553}]}, "version": 486}
{"obj": {"type": "LogFloats", "path": ["monitoring", "cpu"], "values": [{"value": 20.9, "step": null, "ts": 1659995491.6783936}]}, "version": 487}
{"obj": {"type": "LogFloats", "path": ["monitoring", "memory"], "values": [{"value": 14.871089935302734, "step": null, "ts": 1659995491.6783936}]}, "version": 488}
{"obj": {"type": "LogFloats", "path": ["monitoring", "cpu"], "values": [{"value": 22.3, "step": null, "ts": 1659995501.6823628}]}, "version": 489}
{"obj": {"type": "LogFloats", "path": ["monitoring", "memory"], "values": [{"value": 14.871540069580078, "step": null, "ts": 1659995501.6823628}]}, "version": 490}
{"obj": {"type": "LogFloats", "path": ["monitoring", "cpu"], "values": [{"value": 22.8, "step": null, "ts": 1659995511.6909618}]}, "version": 491}
{"obj": {"type": "LogFloats", "path": ["monitoring", "memory"], "values": [{"value": 14.874629974365234, "step": null, "ts": 1659995511.6909618}]}, "version": 492}
{"obj": {"type": "LogFloats", "path": ["monitoring", "cpu"], "values": [{"value": 22.8, "step": null, "ts": 1659995521.699314}]}, "version": 493}
{"obj": {"type": "LogFloats", "path": ["monitoring", "memory"], "values": [{"value": 14.873069763183594, "step": null, "ts": 1659995521.699314}]}, "version": 494}
{"obj": {"type": "LogFloats", "path": ["monitoring", "cpu"], "values": [{"value": 21.5, "step": null, "ts": 1659995531.708918}]}, "version": 495}
{"obj": {"type": "LogFloats", "path": ["monitoring", "memory"], "values": [{"value": 14.87994384765625, "step": null, "ts": 1659995531.708918}]}, "version": 496}
{"obj": {"type": "LogFloats", "path": ["monitoring", "cpu"], "values": [{"value": 20.7, "step": null, "ts": 1659995541.7128193}]}, "version": 497}
{"obj": {"type": "LogFloats", "path": ["monitoring", "memory"], "values": [{"value": 14.90493392944336, "step": null, "ts": 1659995541.7128193}]}, "version": 498}
{"obj": {"type": "LogFloats", "path": ["monitoring", "cpu"], "values": [{"value": 21.3, "step": null, "ts": 1659995551.7310448}]}, "version": 499}
{"obj": {"type": "LogFloats", "path": ["monitoring", "memory"], "values": [{"value": 14.919998168945312, "step": null, "ts": 1659995551.7310448}]}, "version": 500}
{"obj": {"type": "LogFloats", "path": ["monitoring", "cpu"], "values": [{"value": 22.7, "step": null, "ts": 1659995561.8480494}]}, "version": 501}
{"obj": {"type": "LogFloats", "path": ["monitoring", "memory"], "values": [{"value": 14.934986114501953, "step": null, "ts": 1659995561.8480494}]}, "version": 502}
{"obj": {"type": "LogFloats", "path": ["monitoring", "cpu"], "values": [{"value": 23.0, "step": null, "ts": 1659995572.0731611}]}, "version": 503}
{"obj": {"type": "LogFloats", "path": ["monitoring", "memory"], "values": [{"value": 14.935966491699219, "step": null, "ts": 1659995572.0731611}]}, "version": 504}
{"obj": {"type": "LogFloats", "path": ["monitoring", "cpu"], "values": [{"value": 23.4, "step": null, "ts": 1659995582.1065924}]}, "version": 505}
{"obj": {"type": "LogFloats", "path": ["monitoring", "memory"], "values": [{"value": 14.950092315673828, "step": null, "ts": 1659995582.1065924}]}, "version": 506}
{"obj": {"type": "LogFloats", "path": ["monitoring", "cpu"], "values": [{"value": 20.9, "step": null, "ts": 1659995592.1181064}]}, "version": 507}
{"obj": {"type": "LogFloats", "path": ["monitoring", "memory"], "values": [{"value": 14.95346450805664, "step": null, "ts": 1659995592.1181064}]}, "version": 508}
{"obj": {"type": "LogFloats", "path": ["monitoring", "cpu"], "values": [{"value": 21.0, "step": null, "ts": 1659995602.1251533}]}, "version": 509}
{"obj": {"type": "LogFloats", "path": ["monitoring", "memory"], "values": [{"value": 14.950748443603516, "step": null, "ts": 1659995602.1251533}]}, "version": 510}
{"obj": {"type": "LogFloats", "path": ["monitoring", "cpu"], "values": [{"value": 22.3, "step": null, "ts": 1659995612.162292}]}, "version": 511}
{"obj": {"type": "LogFloats", "path": ["monitoring", "memory"], "values": [{"value": 15.018455505371094, "step": null, "ts": 1659995612.162292}]}, "version": 512}
{"obj": {"type": "LogFloats", "path": ["monitoring", "cpu"], "values": [{"value": 23.0, "step": null, "ts": 1659995622.1701307}]}, "version": 513}
{"obj": {"type": "LogFloats", "path": ["monitoring", "memory"], "values": [{"value": 15.05057144165039, "step": null, "ts": 1659995622.1701307}]}, "version": 514}
{"obj": {"type": "LogFloats", "path": ["monitoring", "cpu"], "values": [{"value": 22.9, "step": null, "ts": 1659995632.1755748}]}, "version": 515}
{"obj": {"type": "LogFloats", "path": ["monitoring", "memory"], "values": [{"value": 15.057281494140625, "step": null, "ts": 1659995632.1755748}]}, "version": 516}
{"obj": {"type": "LogFloats", "path": ["monitoring", "cpu"], "values": [{"value": 23.7, "step": null, "ts": 1659995642.417478}]}, "version": 517}
{"obj": {"type": "LogFloats", "path": ["monitoring", "memory"], "values": [{"value": 15.008251190185547, "step": null, "ts": 1659995642.417478}]}, "version": 518}
{"obj": {"type": "LogFloats", "path": ["monitoring", "cpu"], "values": [{"value": 20.8, "step": null, "ts": 1659995652.4244251}]}, "version": 519}
{"obj": {"type": "LogFloats", "path": ["monitoring", "memory"], "values": [{"value": 15.035572052001953, "step": null, "ts": 1659995652.4244251}]}, "version": 520}
{"obj": {"type": "LogFloats", "path": ["monitoring", "cpu"], "values": [{"value": 22.0, "step": null, "ts": 1659995662.4289272}]}, "version": 521}
{"obj": {"type": "LogFloats", "path": ["monitoring", "memory"], "values": [{"value": 15.02579116821289, "step": null, "ts": 1659995662.4289272}]}, "version": 522}
{"obj": {"type": "LogFloats", "path": ["monitoring", "cpu"], "values": [{"value": 22.5, "step": null, "ts": 1659995672.433014}]}, "version": 523}
{"obj": {"type": "LogFloats", "path": ["monitoring", "memory"], "values": [{"value": 15.030406951904297, "step": null, "ts": 1659995672.433014}]}, "version": 524}
{"obj": {"type": "LogFloats", "path": ["monitoring", "cpu"], "values": [{"value": 24.6, "step": null, "ts": 1659995682.4381852}]}, "version": 525}
{"obj": {"type": "LogFloats", "path": ["monitoring", "memory"], "values": [{"value": 15.107898712158203, "step": null, "ts": 1659995682.4381852}]}, "version": 526}
{"obj": {"type": "LogFloats", "path": ["monitoring", "cpu"], "values": [{"value": 23.3, "step": null, "ts": 1659995692.6080854}]}, "version": 527}
{"obj": {"type": "LogFloats", "path": ["monitoring", "memory"], "values": [{"value": 15.114639282226562, "step": null, "ts": 1659995692.6080854}]}, "version": 528}
{"obj": {"type": "LogFloats", "path": ["monitoring", "cpu"], "values": [{"value": 21.4, "step": null, "ts": 1659995702.6195936}]}, "version": 529}
{"obj": {"type": "LogFloats", "path": ["monitoring", "memory"], "values": [{"value": 15.087223052978516, "step": null, "ts": 1659995702.6195936}]}, "version": 530}
{"obj": {"type": "LogFloats", "path": ["monitoring", "cpu"], "values": [{"value": 21.2, "step": null, "ts": 1659995712.6310325}]}, "version": 531}
{"obj": {"type": "LogFloats", "path": ["monitoring", "memory"], "values": [{"value": 15.110801696777344, "step": null, "ts": 1659995712.6310325}]}, "version": 532}
{"obj": {"type": "LogFloats", "path": ["monitoring", "cpu"], "values": [{"value": 21.7, "step": null, "ts": 1659995722.6352766}]}, "version": 533}
{"obj": {"type": "LogFloats", "path": ["monitoring", "memory"], "values": [{"value": 15.114669799804688, "step": null, "ts": 1659995722.6352766}]}, "version": 534}
{"obj": {"type": "LogFloats", "path": ["monitoring", "cpu"], "values": [{"value": 22.3, "step": null, "ts": 1659995732.6470752}]}, "version": 535}
{"obj": {"type": "LogFloats", "path": ["monitoring", "memory"], "values": [{"value": 15.113174438476562, "step": null, "ts": 1659995732.6470752}]}, "version": 536}
{"obj": {"type": "LogFloats", "path": ["monitoring", "cpu"], "values": [{"value": 23.2, "step": null, "ts": 1659995742.6514537}]}, "version": 537}
{"obj": {"type": "LogFloats", "path": ["monitoring", "memory"], "values": [{"value": 15.119049072265625, "step": null, "ts": 1659995742.6514537}]}, "version": 538}
{"obj": {"type": "LogFloats", "path": ["monitoring", "cpu"], "values": [{"value": 22.5, "step": null, "ts": 1659995752.6552625}]}, "version": 539}
{"obj": {"type": "LogFloats", "path": ["monitoring", "memory"], "values": [{"value": 15.118824005126953, "step": null, "ts": 1659995752.6552625}]}, "version": 540}
