{"obj": {"type": "AssignString", "path": ["sys", "name"], "value": "Untitled"}, "version": 1}
{"obj": {"type": "AssignString", "path": ["sys", "description"], "value": ""}, "version": 2}
{"obj": {"type": "AssignString", "path": ["sys", "hostname"], "value": "ncc1"}, "version": 3}
{"obj": {"type": "AssignBool", "path": ["sys", "failed"], "value": false}, "version": 4}
{"obj": {"type": "ClearStringLog", "path": ["monitoring", "stdout"]}, "version": 5}
{"obj": {"type": "ClearStringLog", "path": ["monitoring", "stderr"]}, "version": 6}
{"obj": {"type": "LogStrings", "path": ["monitoring", "stderr"], "values": [{"value": "Info (NVML): Driver Not Loaded. GPU usage metrics may not be reported. For more information, see https://docs.neptune.ai/you-should-know/what-can-you-log-and-display#hardware-consumption\n", "step": null, "ts": 1657635507.9080925}]}, "version": 7}
{"obj": {"type": "ConfigFloatSeries", "path": ["monitoring", "cpu"], "min": 0.0, "max": 100.0, "unit": "%"}, "version": 8}
{"obj": {"type": "ClearFloatLog", "path": ["monitoring", "cpu"]}, "version": 9}
{"obj": {"type": "ConfigFloatSeries", "path": ["monitoring", "memory"], "min": 0.0, "max": 15.319332122802734, "unit": "GB"}, "version": 10}
{"obj": {"type": "ClearFloatLog", "path": ["monitoring", "memory"]}, "version": 11}
{"obj": {"type": "LogStrings", "path": ["monitoring", "stdout"], "values": [{"value": "", "step": null, "ts": 1657635509.345822}]}, "version": 12}
{"obj": {"type": "LogFloats", "path": ["monitoring", "cpu"], "values": [{"value": 29.5, "step": null, "ts": 1657635509.3379564}]}, "version": 13}
{"obj": {"type": "LogStrings", "path": ["monitoring", "stdout"], "values": [{"value": "Remember to stop your run once you\u2019ve finished logging your metadata (https://docs.neptune.ai/api-reference/run#.stop). It will be stopped automatically only when the notebook kernel/interactive console is terminated.\n", "step": null, "ts": 1657635509.3504384}]}, "version": 14}
{"obj": {"type": "LogFloats", "path": ["monitoring", "memory"], "values": [{"value": 14.261310577392578, "step": null, "ts": 1657635509.3379564}]}, "version": 15}
{"obj": {"type": "AssignInt", "path": ["parameters", "Num. Readings"], "value": 2348}, "version": 16}
{"obj": {"type": "AssignInt", "path": ["parameters", "Num. Types"], "value": 5}, "version": 17}
{"obj": {"type": "AssignString", "path": ["parameters", "Type of ML"], "value": "CNN Classification"}, "version": 18}
{"obj": {"type": "AssignInt", "path": ["parameters", "n_epochs"], "value": 1}, "version": 19}
{"obj": {"type": "AssignString", "path": ["parameters", "Optimizer"], "value": "Adam"}, "version": 20}
{"obj": {"type": "AssignInt", "path": ["parameters", "Batch Size"], "value": 16}, "version": 21}
{"obj": {"type": "AssignString", "path": ["parameters", "Kernal Size"], "value": "(5, 3, 3, 3)"}, "version": 22}
{"obj": {"type": "AssignString", "path": ["parameters", "Var"], "value": "mel_non-aug"}, "version": 23}
{"obj": {"type": "LogStrings", "path": ["monitoring", "stderr"], "values": [{"value": "/home2/qlpd78/anaconda3/lib/python3.9/site-packages/torchaudio/functional/functional.py:507: UserWarning: At least one mel filterbank has all zero values. The value for `n_mels` (128) may be set too high. Or, the value for `n_freqs` (513) may be set too low.\n  warnings.warn(\n", "step": null, "ts": 1657635509.5313852}]}, "version": 24}
{"obj": {"type": "LogFloats", "path": ["monitoring", "cpu"], "values": [{"value": 34.0, "step": null, "ts": 1657635519.3538327}]}, "version": 25}
{"obj": {"type": "LogFloats", "path": ["monitoring", "memory"], "values": [{"value": 14.419288635253906, "step": null, "ts": 1657635519.3538327}]}, "version": 26}
{"obj": {"type": "LogFloats", "path": ["monitoring", "cpu"], "values": [{"value": 32.8, "step": null, "ts": 1657635529.3587725}]}, "version": 27}
{"obj": {"type": "LogFloats", "path": ["monitoring", "memory"], "values": [{"value": 14.559776306152344, "step": null, "ts": 1657635529.3587725}]}, "version": 28}
{"obj": {"type": "LogFloats", "path": ["monitoring", "cpu"], "values": [{"value": 35.0, "step": null, "ts": 1657635539.3625717}]}, "version": 29}
{"obj": {"type": "LogFloats", "path": ["monitoring", "memory"], "values": [{"value": 14.556182861328125, "step": null, "ts": 1657635539.3625717}]}, "version": 30}
{"obj": {"type": "LogFloats", "path": ["monitoring", "cpu"], "values": [{"value": 34.6, "step": null, "ts": 1657635549.3682542}]}, "version": 31}
{"obj": {"type": "LogFloats", "path": ["monitoring", "memory"], "values": [{"value": 14.405075073242188, "step": null, "ts": 1657635549.3682542}]}, "version": 32}
{"obj": {"type": "LogFloats", "path": ["monitoring", "cpu"], "values": [{"value": 34.1, "step": null, "ts": 1657635559.37453}]}, "version": 33}
{"obj": {"type": "LogFloats", "path": ["monitoring", "memory"], "values": [{"value": 14.211990356445312, "step": null, "ts": 1657635559.37453}]}, "version": 34}
{"obj": {"type": "LogFloats", "path": ["monitoring", "cpu"], "values": [{"value": 35.3, "step": null, "ts": 1657635569.3793077}]}, "version": 35}
{"obj": {"type": "LogFloats", "path": ["monitoring", "memory"], "values": [{"value": 14.479438781738281, "step": null, "ts": 1657635569.3793077}]}, "version": 36}
{"obj": {"type": "LogFloats", "path": ["monitoring", "cpu"], "values": [{"value": 32.9, "step": null, "ts": 1657635579.3833897}]}, "version": 37}
{"obj": {"type": "LogFloats", "path": ["monitoring", "memory"], "values": [{"value": 14.573822021484375, "step": null, "ts": 1657635579.3833897}]}, "version": 38}
{"obj": {"type": "LogFloats", "path": ["monitoring", "cpu"], "values": [{"value": 33.3, "step": null, "ts": 1657635589.3875105}]}, "version": 39}
{"obj": {"type": "LogFloats", "path": ["monitoring", "memory"], "values": [{"value": 14.240535736083984, "step": null, "ts": 1657635589.3875105}]}, "version": 40}
{"obj": {"type": "LogFloats", "path": ["monitoring", "cpu"], "values": [{"value": 34.7, "step": null, "ts": 1657635599.3916848}]}, "version": 41}
{"obj": {"type": "LogFloats", "path": ["monitoring", "memory"], "values": [{"value": 14.459850311279297, "step": null, "ts": 1657635599.3916848}]}, "version": 42}
{"obj": {"type": "LogFloats", "path": ["monitoring", "cpu"], "values": [{"value": 34.3, "step": null, "ts": 1657635609.3950222}]}, "version": 43}
{"obj": {"type": "LogFloats", "path": ["monitoring", "memory"], "values": [{"value": 14.31424331665039, "step": null, "ts": 1657635609.3950222}]}, "version": 44}
{"obj": {"type": "LogFloats", "path": ["monitoring", "cpu"], "values": [{"value": 34.0, "step": null, "ts": 1657635619.3999455}]}, "version": 45}
{"obj": {"type": "LogFloats", "path": ["monitoring", "memory"], "values": [{"value": 14.315357208251953, "step": null, "ts": 1657635619.3999455}]}, "version": 46}
{"obj": {"type": "LogFloats", "path": ["monitoring", "cpu"], "values": [{"value": 33.9, "step": null, "ts": 1657635629.405853}]}, "version": 47}
{"obj": {"type": "LogFloats", "path": ["monitoring", "memory"], "values": [{"value": 14.273761749267578, "step": null, "ts": 1657635629.405853}]}, "version": 48}
{"obj": {"type": "LogFloats", "path": ["monitoring", "cpu"], "values": [{"value": 33.9, "step": null, "ts": 1657635639.4441621}]}, "version": 49}
{"obj": {"type": "LogFloats", "path": ["monitoring", "memory"], "values": [{"value": 14.364906311035156, "step": null, "ts": 1657635639.4441621}]}, "version": 50}
{"obj": {"type": "LogFloats", "path": ["monitoring", "cpu"], "values": [{"value": 31.4, "step": null, "ts": 1657635649.4492476}]}, "version": 51}
{"obj": {"type": "LogFloats", "path": ["monitoring", "memory"], "values": [{"value": 15.319332122802734, "step": null, "ts": 1657635649.4492476}]}, "version": 52}
{"obj": {"type": "LogFloats", "path": ["monitoring", "cpu"], "values": [{"value": 37.0, "step": null, "ts": 1657635659.4521825}]}, "version": 53}
{"obj": {"type": "LogFloats", "path": ["monitoring", "memory"], "values": [{"value": 13.448226928710938, "step": null, "ts": 1657635659.4521825}]}, "version": 54}
{"obj": {"type": "LogFloats", "path": ["monitoring", "cpu"], "values": [{"value": 33.7, "step": null, "ts": 1657635669.4581401}]}, "version": 55}
{"obj": {"type": "LogFloats", "path": ["monitoring", "memory"], "values": [{"value": 13.624462127685547, "step": null, "ts": 1657635669.4581401}]}, "version": 56}
{"obj": {"type": "LogFloats", "path": ["monitoring", "cpu"], "values": [{"value": 34.4, "step": null, "ts": 1657635679.4674256}]}, "version": 57}
{"obj": {"type": "LogFloats", "path": ["monitoring", "memory"], "values": [{"value": 13.770797729492188, "step": null, "ts": 1657635679.4674256}]}, "version": 58}
{"obj": {"type": "LogFloats", "path": ["monitoring", "cpu"], "values": [{"value": 31.9, "step": null, "ts": 1657635689.4967284}]}, "version": 59}
{"obj": {"type": "LogFloats", "path": ["monitoring", "memory"], "values": [{"value": 13.94088363647461, "step": null, "ts": 1657635689.4967284}]}, "version": 60}
{"obj": {"type": "LogStrings", "path": ["monitoring", "stdout"], "values": [{"value": "Accuracy: 0.39, Total items: 470", "step": null, "ts": 1657635692.6106157}]}, "version": 61}
{"obj": {"type": "LogStrings", "path": ["monitoring", "stdout"], "values": [{"value": "\n", "step": null, "ts": 1657635692.6888845}]}, "version": 62}
{"obj": {"type": "LogStrings", "path": ["monitoring", "stdout"], "values": [{"value": "Epoch: 0, Loss: 2.12, Accuracy: 0.27, Validation Accuracy: 0.39", "step": null, "ts": 1657635692.7246733}]}, "version": 63}
{"obj": {"type": "LogStrings", "path": ["monitoring", "stdout"], "values": [{"value": "\n", "step": null, "ts": 1657635692.7474134}]}, "version": 64}
{"obj": {"type": "LogFloats", "path": ["train", "epoch", "loss"], "values": [{"value": 2.1247985292289218, "step": null, "ts": 1657635692.770544}]}, "version": 65}
{"obj": {"type": "LogFloats", "path": ["train", "epoch", "accuracy"], "values": [{"value": 0.2736954206602769, "step": null, "ts": 1657635692.788155}]}, "version": 66}
{"obj": {"type": "LogFloats", "path": ["train", "epoch", "inference"], "values": [{"value": 0.39148936170212767, "step": null, "ts": 1657635692.815733}]}, "version": 67}
{"obj": {"type": "LogStrings", "path": ["monitoring", "stdout"], "values": [{"value": "Finished Training", "step": null, "ts": 1657635692.8481443}]}, "version": 68}
{"obj": {"type": "LogStrings", "path": ["monitoring", "stdout"], "values": [{"value": "\n", "step": null, "ts": 1657635692.8800642}]}, "version": 69}
{"obj": {"type": "LogStrings", "path": ["monitoring", "stdout"], "values": [{"value": "Shutting down background jobs, please wait a moment...\n", "step": null, "ts": 1657635692.9120038}]}, "version": 70}
