{"obj": {"type": "AssignString", "path": ["sys", "name"], "value": "Untitled"}, "version": 1}
{"obj": {"type": "AssignString", "path": ["sys", "description"], "value": ""}, "version": 2}
{"obj": {"type": "AssignString", "path": ["sys", "hostname"], "value": "gpu6"}, "version": 3}
{"obj": {"type": "AssignBool", "path": ["sys", "failed"], "value": false}, "version": 4}
{"obj": {"type": "ClearStringLog", "path": ["monitoring", "stdout"]}, "version": 5}
{"obj": {"type": "ClearStringLog", "path": ["monitoring", "stderr"]}, "version": 6}
{"obj": {"type": "ConfigFloatSeries", "path": ["monitoring", "cpu"], "min": 0.0, "max": 100.0, "unit": "%"}, "version": 7}
{"obj": {"type": "ClearFloatLog", "path": ["monitoring", "cpu"]}, "version": 8}
{"obj": {"type": "ConfigFloatSeries", "path": ["monitoring", "memory"], "min": 0.0, "max": 251.54173278808594, "unit": "GB"}, "version": 9}
{"obj": {"type": "ClearFloatLog", "path": ["monitoring", "memory"]}, "version": 10}
{"obj": {"type": "ConfigFloatSeries", "path": ["monitoring", "gpu"], "min": 0.0, "max": 100.0, "unit": "%"}, "version": 11}
{"obj": {"type": "ClearFloatLog", "path": ["monitoring", "gpu"]}, "version": 12}
{"obj": {"type": "ConfigFloatSeries", "path": ["monitoring", "gpu_memory"], "min": 0.0, "max": 11.0, "unit": "GB"}, "version": 13}
{"obj": {"type": "ClearFloatLog", "path": ["monitoring", "gpu_memory"]}, "version": 14}
{"obj": {"type": "LogStrings", "path": ["monitoring", "stdout"], "values": [{"value": "", "step": null, "ts": 1659995220.9765887}]}, "version": 15}
{"obj": {"type": "LogFloats", "path": ["monitoring", "cpu"], "values": [{"value": 10.1, "step": null, "ts": 1659995220.96835}]}, "version": 16}
{"obj": {"type": "LogStrings", "path": ["monitoring", "stdout"], "values": [{"value": "Remember to stop your run once you\u2019ve finished logging your metadata (https://docs.neptune.ai/api-reference/run#.stop). It will be stopped automatically only when the notebook kernel/interactive console is terminated.\n", "step": null, "ts": 1659995220.9803097}]}, "version": 17}
{"obj": {"type": "LogFloats", "path": ["monitoring", "memory"], "values": [{"value": 20.70315933227539, "step": null, "ts": 1659995220.96835}]}, "version": 18}
{"obj": {"type": "AssignInt", "path": ["parameters", "Num. Readings"], "value": 2348}, "version": 19}
{"obj": {"type": "AssignInt", "path": ["parameters", "Num. Types"], "value": 5}, "version": 20}
{"obj": {"type": "AssignString", "path": ["parameters", "Type of ML"], "value": "CNN Classification"}, "version": 21}
{"obj": {"type": "AssignInt", "path": ["parameters", "n_epochs"], "value": 200}, "version": 22}
{"obj": {"type": "AssignString", "path": ["parameters", "Optimizer"], "value": "Adam"}, "version": 23}
{"obj": {"type": "AssignInt", "path": ["parameters", "Batch Size"], "value": 16}, "version": 24}
{"obj": {"type": "AssignString", "path": ["parameters", "Kernal Size"], "value": "(5, 3, 3, 3)"}, "version": 25}
{"obj": {"type": "AssignString", "path": ["parameters", "Var"], "value": "mel_non-aug_confusion_matrix"}, "version": 26}
{"obj": {"type": "AssignString", "path": ["parameters", "Owner"], "value": "Freya"}, "version": 27}
{"obj": {"type": "LogFloats", "path": ["monitoring", "gpu_memory"], "values": [{"value": 1.25152587890625, "step": null, "ts": 1659995220.96835}]}, "version": 28}
{"obj": {"type": "LogStrings", "path": ["monitoring", "stderr"], "values": [{"value": "/tmp/ipykernel_865376/4224030509.py:138: RuntimeWarning: divide by zero encountered in log\n  spec = transforms.Spectrogram(n_fft=n_fft, hop_length=hop_len)(np.log(sig))\n", "step": null, "ts": 1659995221.037711}]}, "version": 29}
{"obj": {"type": "LogStrings", "path": ["monitoring", "stderr"], "values": [{"value": "/tmp/ipykernel_865376/4224030509.py:138: RuntimeWarning: invalid value encountered in log\n  spec = transforms.Spectrogram(n_fft=n_fft, hop_length=hop_len)(np.log(sig))\n", "step": null, "ts": 1659995221.0390842}]}, "version": 30}
{"obj": {"type": "LogFloats", "path": ["monitoring", "cpu"], "values": [{"value": 20.1, "step": null, "ts": 1659995230.9983504}]}, "version": 31}
{"obj": {"type": "LogFloats", "path": ["monitoring", "memory"], "values": [{"value": 20.837196350097656, "step": null, "ts": 1659995230.9983504}]}, "version": 32}
{"obj": {"type": "LogFloats", "path": ["monitoring", "gpu"], "values": [{"value": 3.0, "step": null, "ts": 1659995230.9983504}]}, "version": 33}
{"obj": {"type": "LogFloats", "path": ["monitoring", "gpu_memory"], "values": [{"value": 1.41558837890625, "step": null, "ts": 1659995230.9983504}]}, "version": 34}
{"obj": {"type": "LogFloats", "path": ["monitoring", "cpu"], "values": [{"value": 20.1, "step": null, "ts": 1659995241.012668}]}, "version": 35}
{"obj": {"type": "LogFloats", "path": ["monitoring", "memory"], "values": [{"value": 20.831634521484375, "step": null, "ts": 1659995241.012668}]}, "version": 36}
{"obj": {"type": "LogFloats", "path": ["monitoring", "gpu"], "values": [{"value": 3.0, "step": null, "ts": 1659995241.012668}]}, "version": 37}
{"obj": {"type": "LogFloats", "path": ["monitoring", "gpu_memory"], "values": [{"value": 1.41558837890625, "step": null, "ts": 1659995241.012668}]}, "version": 38}
{"obj": {"type": "LogFloats", "path": ["monitoring", "cpu"], "values": [{"value": 20.1, "step": null, "ts": 1659995251.1973002}]}, "version": 39}
{"obj": {"type": "LogFloats", "path": ["monitoring", "memory"], "values": [{"value": 20.834850311279297, "step": null, "ts": 1659995251.1973002}]}, "version": 40}
{"obj": {"type": "LogFloats", "path": ["monitoring", "gpu"], "values": [{"value": 3.0, "step": null, "ts": 1659995251.1973002}]}, "version": 41}
{"obj": {"type": "LogFloats", "path": ["monitoring", "gpu_memory"], "values": [{"value": 1.41558837890625, "step": null, "ts": 1659995251.1973002}]}, "version": 42}
{"obj": {"type": "LogStrings", "path": ["monitoring", "stdout"], "values": [{"value": "Accuracy: 0.00, Total items: 470", "step": null, "ts": 1659995257.9484448}]}, "version": 43}
{"obj": {"type": "LogStrings", "path": ["monitoring", "stdout"], "values": [{"value": "\n", "step": null, "ts": 1659995257.9518983}]}, "version": 44}
{"obj": {"type": "LogStrings", "path": ["monitoring", "stdout"], "values": [{"value": "Epoch: 0, Loss: 2.29, Accuracy: 0.00, Validation Accuracy: 0.00", "step": null, "ts": 1659995257.9568834}]}, "version": 45}
{"obj": {"type": "LogStrings", "path": ["monitoring", "stdout"], "values": [{"value": "\n", "step": null, "ts": 1659995257.9618835}]}, "version": 46}
{"obj": {"type": "LogFloats", "path": ["monitoring", "cpu"], "values": [{"value": 20.1, "step": null, "ts": 1659995261.2127247}]}, "version": 47}
{"obj": {"type": "LogFloats", "path": ["monitoring", "memory"], "values": [{"value": 20.847900390625, "step": null, "ts": 1659995261.2127247}]}, "version": 48}
{"obj": {"type": "LogFloats", "path": ["monitoring", "gpu"], "values": [{"value": 2.0, "step": null, "ts": 1659995261.2127247}]}, "version": 49}
{"obj": {"type": "LogFloats", "path": ["monitoring", "gpu_memory"], "values": [{"value": 1.41558837890625, "step": null, "ts": 1659995261.2127247}]}, "version": 50}
{"obj": {"type": "LogStrings", "path": ["monitoring", "stdout"], "values": [{"value": "Shutting down background jobs, please wait a moment...\n", "step": null, "ts": 1659995264.5882893}]}, "version": 51}
