{"obj": {"type": "AssignString", "path": ["sys", "name"], "value": "Untitled"}, "version": 1}
{"obj": {"type": "AssignString", "path": ["sys", "description"], "value": ""}, "version": 2}
{"obj": {"type": "AssignString", "path": ["sys", "hostname"], "value": "gpu6"}, "version": 3}
{"obj": {"type": "AssignBool", "path": ["sys", "failed"], "value": false}, "version": 4}
{"obj": {"type": "ClearStringLog", "path": ["monitoring", "stdout"]}, "version": 5}
{"obj": {"type": "ClearStringLog", "path": ["monitoring", "stderr"]}, "version": 6}
{"obj": {"type": "ConfigFloatSeries", "path": ["monitoring", "cpu"], "min": 0.0, "max": 100.0, "unit": "%"}, "version": 7}
{"obj": {"type": "ClearFloatLog", "path": ["monitoring", "cpu"]}, "version": 8}
{"obj": {"type": "ConfigFloatSeries", "path": ["monitoring", "memory"], "min": 0.0, "max": 251.54173278808594, "unit": "GB"}, "version": 9}
{"obj": {"type": "ClearFloatLog", "path": ["monitoring", "memory"]}, "version": 10}
{"obj": {"type": "ConfigFloatSeries", "path": ["monitoring", "gpu"], "min": 0.0, "max": 100.0, "unit": "%"}, "version": 11}
{"obj": {"type": "ClearFloatLog", "path": ["monitoring", "gpu"]}, "version": 12}
{"obj": {"type": "ConfigFloatSeries", "path": ["monitoring", "gpu_memory"], "min": 0.0, "max": 11.0, "unit": "GB"}, "version": 13}
{"obj": {"type": "ClearFloatLog", "path": ["monitoring", "gpu_memory"]}, "version": 14}
{"obj": {"type": "LogStrings", "path": ["monitoring", "stdout"], "values": [{"value": "", "step": null, "ts": 1659990241.0874932}]}, "version": 15}
{"obj": {"type": "LogStrings", "path": ["monitoring", "stdout"], "values": [{"value": "Remember to stop your run once you\u2019ve finished logging your metadata (https://docs.neptune.ai/api-reference/run#.stop). It will be stopped automatically only when the notebook kernel/interactive console is terminated.\n", "step": null, "ts": 1659990241.0918682}]}, "version": 16}
{"obj": {"type": "LogFloats", "path": ["monitoring", "cpu"], "values": [{"value": 10.1, "step": null, "ts": 1659990241.078095}]}, "version": 17}
{"obj": {"type": "AssignInt", "path": ["parameters", "Num. Readings"], "value": 2348}, "version": 18}
{"obj": {"type": "AssignInt", "path": ["parameters", "Num. Types"], "value": 5}, "version": 19}
{"obj": {"type": "AssignString", "path": ["parameters", "Type of ML"], "value": "CNN Classification"}, "version": 20}
{"obj": {"type": "AssignInt", "path": ["parameters", "n_epochs"], "value": 200}, "version": 21}
{"obj": {"type": "AssignString", "path": ["parameters", "Optimizer"], "value": "Adam"}, "version": 22}
{"obj": {"type": "AssignInt", "path": ["parameters", "Batch Size"], "value": 16}, "version": 23}
{"obj": {"type": "AssignString", "path": ["parameters", "Kernal Size"], "value": "(5, 3, 3, 3)"}, "version": 24}
{"obj": {"type": "AssignString", "path": ["parameters", "Var"], "value": "mel_non-aug_confusion_matrix"}, "version": 25}
{"obj": {"type": "AssignString", "path": ["parameters", "Owner"], "value": "Freya"}, "version": 26}
{"obj": {"type": "LogFloats", "path": ["monitoring", "memory"], "values": [{"value": 22.354259490966797, "step": null, "ts": 1659990241.078095}]}, "version": 27}
{"obj": {"type": "LogFloats", "path": ["monitoring", "gpu_memory"], "values": [{"value": 1.25152587890625, "step": null, "ts": 1659990241.078095}]}, "version": 28}
{"obj": {"type": "LogStrings", "path": ["monitoring", "stderr"], "values": [{"value": "/home2/qlpd78/anaconda3/lib/python3.9/site-packages/torchaudio/functional/functional.py:507: UserWarning: At least one mel filterbank has all zero values. The value for `n_mels` (128) may be set too high. Or, the value for `n_freqs` (513) may be set too low.\n  warnings.warn(\n", "step": null, "ts": 1659990241.1807895}]}, "version": 29}
{"obj": {"type": "LogFloats", "path": ["monitoring", "cpu"], "values": [{"value": 20.0, "step": null, "ts": 1659990251.1380773}]}, "version": 30}
{"obj": {"type": "LogFloats", "path": ["monitoring", "memory"], "values": [{"value": 22.37706756591797, "step": null, "ts": 1659990251.1380773}]}, "version": 31}
{"obj": {"type": "LogFloats", "path": ["monitoring", "gpu"], "values": [{"value": 1.0, "step": null, "ts": 1659990251.1380773}]}, "version": 32}
{"obj": {"type": "LogFloats", "path": ["monitoring", "gpu_memory"], "values": [{"value": 1.32769775390625, "step": null, "ts": 1659990251.1380773}]}, "version": 33}
{"obj": {"type": "LogFloats", "path": ["monitoring", "cpu"], "values": [{"value": 20.0, "step": null, "ts": 1659990261.1624947}]}, "version": 34}
{"obj": {"type": "LogFloats", "path": ["monitoring", "memory"], "values": [{"value": 22.382034301757812, "step": null, "ts": 1659990261.1624947}]}, "version": 35}
{"obj": {"type": "LogFloats", "path": ["monitoring", "gpu"], "values": [{"value": 1.0, "step": null, "ts": 1659990261.1624947}]}, "version": 36}
{"obj": {"type": "LogFloats", "path": ["monitoring", "gpu_memory"], "values": [{"value": 1.32769775390625, "step": null, "ts": 1659990261.1624947}]}, "version": 37}
{"obj": {"type": "LogFloats", "path": ["monitoring", "cpu"], "values": [{"value": 20.0, "step": null, "ts": 1659990271.577965}]}, "version": 38}
{"obj": {"type": "LogFloats", "path": ["monitoring", "memory"], "values": [{"value": 22.384532928466797, "step": null, "ts": 1659990271.577965}]}, "version": 39}
{"obj": {"type": "LogFloats", "path": ["monitoring", "gpu"], "values": [{"value": 1.0, "step": null, "ts": 1659990271.577965}]}, "version": 40}
{"obj": {"type": "LogFloats", "path": ["monitoring", "gpu_memory"], "values": [{"value": 1.32769775390625, "step": null, "ts": 1659990271.577965}]}, "version": 41}
{"obj": {"type": "LogStrings", "path": ["monitoring", "stdout"], "values": [{"value": "Accuracy: 0.04, Total items: 470", "step": null, "ts": 1659990277.7929864}]}, "version": 42}
{"obj": {"type": "LogStrings", "path": ["monitoring", "stdout"], "values": [{"value": "\n", "step": null, "ts": 1659990277.7952998}]}, "version": 43}
{"obj": {"type": "LogStrings", "path": ["monitoring", "stdout"], "values": [{"value": "Epoch: 0, Loss: 2.32, Accuracy: 0.05, Validation Accuracy: 0.04", "step": null, "ts": 1659990277.7991512}]}, "version": 44}
{"obj": {"type": "LogStrings", "path": ["monitoring", "stdout"], "values": [{"value": "\n", "step": null, "ts": 1659990277.8010314}]}, "version": 45}
{"obj": {"type": "LogFloats", "path": ["monitoring", "cpu"], "values": [{"value": 20.2, "step": null, "ts": 1659990281.5937355}]}, "version": 46}
{"obj": {"type": "LogFloats", "path": ["monitoring", "memory"], "values": [{"value": 22.383747100830078, "step": null, "ts": 1659990281.5937355}]}, "version": 47}
{"obj": {"type": "LogFloats", "path": ["monitoring", "gpu"], "values": [{"value": 1.0, "step": null, "ts": 1659990281.5937355}]}, "version": 48}
{"obj": {"type": "LogFloats", "path": ["monitoring", "gpu_memory"], "values": [{"value": 1.32769775390625, "step": null, "ts": 1659990281.5937355}]}, "version": 49}
{"obj": {"type": "LogStrings", "path": ["monitoring", "stdout"], "values": [{"value": "Shutting down background jobs, please wait a moment...\n", "step": null, "ts": 1659990284.5420704}]}, "version": 50}
